18:23:45.640 [main] INFO  com.qa.opencart.factory.WebDriverFactory - adding implicit wait 
18:23:45.658 [main] INFO  com.qa.opencart.factory.WebDriverFactory - maximize the window
18:23:45.801 [main] INFO  com.qa.opencart.factory.TestBase - create object for WebDriverWait class
18:23:48.342 [main] INFO  com.qa.opencart.testcase.LoginPageTest - Initializing the page class objects
18:23:48.357 [main] INFO  com.qa.opencart.pages.HomePage - Opening my account menu
18:23:50.526 [main] INFO  com.qa.opencart.pages.HomePage - Click on Login link under myaccountMenu
18:23:53.060 [main] INFO  com.qa.opencart.testcase.LoginPageTest - Verify the login page url
18:23:53.283 [main] INFO  com.qa.opencart.testcase.LoginPageTest - Verify the login page title test
18:23:53.292 [main] INFO  com.qa.opencart.utils.WebDriverUtils - Title of the page is :: Account Login
18:23:53.437 [main] INFO  com.qa.opencart.testcase.LoginPageTest - Verify Login page elements test
18:23:53.494 [main] INFO  com.qa.opencart.utils.WebDriverUtils - Element is displayed::[[ChromeDriver: chrome on windows (9168322f972dc57f000b0542fb1c7d42)] -> css selector: div.well>h2]
18:23:53.545 [main] INFO  com.qa.opencart.utils.WebDriverUtils - Element is displayed::[[ChromeDriver: chrome on windows (9168322f972dc57f000b0542fb1c7d42)] -> xpath: //strong[contains(text(),'Register Account')]]
18:23:53.594 [main] INFO  com.qa.opencart.utils.WebDriverUtils - Element is displayed::[[ChromeDriver: chrome on windows (9168322f972dc57f000b0542fb1c7d42)] -> xpath: //h2[normalize-space()='Returning Customer']]
18:23:53.644 [main] INFO  com.qa.opencart.utils.WebDriverUtils - Element is displayed::[[ChromeDriver: chrome on windows (9168322f972dc57f000b0542fb1c7d42)] -> xpath: //ul[@class='breadcrumb']/li[3]/a[text()='Login']]
18:23:53.815 [main] INFO  com.qa.opencart.testcase.LoginPageTest - Navigate to registration page 
18:23:53.815 [main] INFO  com.qa.opencart.pages.LoginPage - click on new customer continue button
18:23:56.687 [main] INFO  com.qa.opencart.testcase.LoginPageTest - Assert the Registration page title
18:23:56.704 [main] INFO  com.qa.opencart.utils.WebDriverUtils - Title of the page is :: Register Account
18:23:56.705 [main] INFO  com.qa.opencart.testcase.LoginPageTest - click on browser back button in registration page
18:23:57.018 [main] INFO  com.qa.opencart.utils.WebDriverUtils - Navigate back
18:23:57.197 [main] INFO  com.qa.opencart.testcase.LoginPageTest - Navigate to forgot password page 
18:23:57.198 [main] INFO  com.qa.opencart.pages.LoginPage - Click on Forgot password link
18:23:59.751 [main] INFO  com.qa.opencart.testcase.LoginPageTest - Assert the forgotpassword page title
18:23:59.765 [main] INFO  com.qa.opencart.utils.WebDriverUtils - Title of the page is :: Forgot Your Password?
18:23:59.766 [main] INFO  com.qa.opencart.testcase.LoginPageTest - Click on browser back button in forgot password page
18:24:00.093 [main] INFO  com.qa.opencart.utils.WebDriverUtils - Navigate back
18:24:00.274 [main] INFO  com.qa.opencart.testcase.LoginPageTest - TC_07_Empty Credentials login to opencart app 
18:24:00.275 [main] INFO  com.qa.opencart.pages.LoginPage - Performing the login operation
18:24:04.803 [main] INFO  com.qa.opencart.pages.LoginPage - Click on Login button
18:24:07.532 [main] INFO  com.qa.opencart.testcase.LoginPageTest - Assert the empty creds error message in login page 
18:24:07.820 [main] INFO  com.qa.opencart.testcase.LoginPageTest - TC_06_Happy path flow login to opencart app 
18:24:07.820 [main] INFO  com.qa.opencart.pages.LoginPage - Performing the login operation
18:24:12.382 [main] INFO  com.qa.opencart.pages.LoginPage - Click on Login button
18:24:15.385 [main] INFO  com.qa.opencart.testcase.LoginPageTest - Assert the MyAccount page title
18:24:15.395 [main] INFO  com.qa.opencart.utils.WebDriverUtils - Title of the page is :: My Account
18:24:15.595 [main] INFO  com.qa.opencart.testcase.LoginPageTest - click on logout link in my account menu
18:24:15.596 [main] INFO  com.qa.opencart.pages.MyAccountPage - click on my account menu link
18:24:20.848 [main] INFO  com.qa.opencart.utils.WebDriverUtils - Title of the page is :: Account Logout
18:24:20.848 [main] INFO  com.qa.opencart.testcase.LoginPageTest - click on Continue button in logout page
18:24:23.373 [main] INFO  com.qa.opencart.utils.WebDriverUtils - Title of the page is :: Your Store
18:24:26.056 [main] INFO  com.qa.opencart.factory.WebDriverFactory - clear the cache/cookies 
18:24:26.071 [main] INFO  com.qa.opencart.factory.WebDriverFactory - adding implicit wait 
18:24:26.074 [main] INFO  com.qa.opencart.factory.WebDriverFactory - maximize the window
18:24:26.211 [main] INFO  com.qa.opencart.factory.TestBase - create object for WebDriverWait class
18:24:28.611 [main] INFO  com.qa.opencart.testcase.MyAccountPageTest - Initializing the page class objects
18:24:28.615 [main] INFO  com.qa.opencart.pages.HomePage - Opening my account menu
18:24:30.811 [main] INFO  com.qa.opencart.pages.HomePage - Click on Login link under myaccountMenu
18:24:33.326 [main] INFO  com.qa.opencart.testcase.MyAccountPageTest - Perform the login 
18:24:33.326 [main] INFO  com.qa.opencart.pages.LoginPage - Performing the login operation
18:24:37.930 [main] INFO  com.qa.opencart.pages.LoginPage - Click on Login button
18:24:40.778 [main] INFO  com.qa.opencart.testcase.MyAccountPageTest - Verify the MyAccount page url
18:24:40.778 [main] INFO  com.qa.opencart.pages.MyAccountPage - fetch my Account page url
18:24:40.943 [main] INFO  com.qa.opencart.testcase.MyAccountPageTest - Assert the MyAccount page title
18:24:40.953 [main] INFO  com.qa.opencart.utils.WebDriverUtils - Title of the page is :: My Account
18:24:41.086 [main] INFO  com.qa.opencart.testcase.MyAccountPageTest - Verify My Account page elements test
18:24:41.135 [main] INFO  com.qa.opencart.utils.WebDriverUtils - Element is displayed::[[ChromeDriver: chrome on windows (c4c03be25c584ad2a642cd62e3db7ab0)] -> name: search]
18:24:41.198 [main] INFO  com.qa.opencart.utils.WebDriverUtils - Element is displayed::[[ChromeDriver: chrome on windows (c4c03be25c584ad2a642cd62e3db7ab0)] -> link text: Logout]
18:24:41.332 [main] INFO  com.qa.opencart.testcase.MyAccountPageTest - TC_04_Verify My Account Menu options test 
18:24:41.332 [main] INFO  com.qa.opencart.pages.MyAccountPage - click on my account menu link
18:24:43.765 [main] INFO  com.qa.opencart.testcase.MyAccountPageTest - TC_05_Verify My Account Headers List 
18:24:43.765 [main] INFO  com.qa.opencart.pages.MyAccountPage - click on my account menu link
18:24:46.137 [main] INFO  com.qa.opencart.testcase.MyAccountPageTest - TC_06_Verify the broken links in my account page 
18:25:18.013 [main] INFO  com.qa.opencart.testcase.MyAccountPageTest - TC_07_Perform product search for:MacBook
18:25:18.020 [main] INFO  com.qa.opencart.pages.MyAccountPage - Search for Product:MacBook
18:25:18.065 [main] INFO  com.qa.opencart.utils.WebDriverUtils - Element is displayed::[[ChromeDriver: chrome on windows (c4c03be25c584ad2a642cd62e3db7ab0)] -> name: search]
18:25:18.065 [main] INFO  com.qa.opencart.pages.MyAccountPage - perform the type action on search editbox
18:25:20.321 [main] INFO  com.qa.opencart.pages.MyAccountPage - click on search torch icon
18:25:23.739 [main] INFO  com.qa.opencart.testcase.MyAccountPageTest - TC_07_Perform product search for:iMac
18:25:23.744 [main] INFO  com.qa.opencart.pages.MyAccountPage - Search for Product:iMac
18:25:23.796 [main] INFO  com.qa.opencart.utils.WebDriverUtils - Element is displayed::[[ChromeDriver: chrome on windows (c4c03be25c584ad2a642cd62e3db7ab0)] -> name: search]
18:25:23.796 [main] INFO  com.qa.opencart.pages.MyAccountPage - perform the type action on search editbox
18:25:26.023 [main] INFO  com.qa.opencart.pages.MyAccountPage - click on search torch icon
18:25:29.400 [main] INFO  com.qa.opencart.testcase.MyAccountPageTest - TC_07_Perform product search for:Samsung
18:25:29.407 [main] INFO  com.qa.opencart.pages.MyAccountPage - Search for Product:Samsung
18:25:29.462 [main] INFO  com.qa.opencart.utils.WebDriverUtils - Element is displayed::[[ChromeDriver: chrome on windows (c4c03be25c584ad2a642cd62e3db7ab0)] -> name: search]
18:25:29.462 [main] INFO  com.qa.opencart.pages.MyAccountPage - perform the type action on search editbox
18:25:31.716 [main] INFO  com.qa.opencart.pages.MyAccountPage - click on search torch icon
18:25:37.405 [main] INFO  com.qa.opencart.factory.WebDriverFactory - clear the cache/cookies 
18:25:37.413 [main] INFO  com.qa.opencart.factory.WebDriverFactory - adding implicit wait 
18:25:37.415 [main] INFO  com.qa.opencart.factory.WebDriverFactory - maximize the window
18:25:37.562 [main] INFO  com.qa.opencart.factory.TestBase - create object for WebDriverWait class
18:25:39.845 [main] INFO  com.qa.opencart.testcase.RegistrationPageTest - Create Object for Faker class 
18:25:43.432 [main] INFO  com.qa.opencart.factory.WebDriverFactory - clear the cache/cookies 
18:25:43.445 [main] INFO  com.qa.opencart.factory.WebDriverFactory - adding implicit wait 
18:25:43.447 [main] INFO  com.qa.opencart.factory.WebDriverFactory - maximize the window
18:25:43.619 [main] INFO  com.qa.opencart.factory.TestBase - create object for WebDriverWait class
18:25:46.184 [main] INFO  com.qa.opencart.testcase.ProductDetailsPageTest - Initializing the page class objects
18:25:46.189 [main] INFO  com.qa.opencart.pages.HomePage - Opening my account menu
18:25:48.358 [main] INFO  com.qa.opencart.pages.HomePage - Click on Login link under myaccountMenu
18:25:51.029 [main] INFO  com.qa.opencart.testcase.ProductDetailsPageTest - Perform the login 
18:25:51.030 [main] INFO  com.qa.opencart.pages.LoginPage - Performing the login operation
18:25:55.664 [main] INFO  com.qa.opencart.pages.LoginPage - Click on Login button
18:25:58.831 [main] INFO  com.qa.opencart.testcase.ProductDetailsPageTest - Perform the product search
18:25:58.843 [main] INFO  com.qa.opencart.pages.MyAccountPage - Search for Product:Macbook
18:25:58.901 [main] INFO  com.qa.opencart.utils.WebDriverUtils - Element is displayed::[[ChromeDriver: chrome on windows (189f855325d1c47c34deb3bddf727a91)] -> name: search]
18:25:58.901 [main] INFO  com.qa.opencart.pages.MyAccountPage - perform the type action on search editbox
18:26:01.130 [main] INFO  com.qa.opencart.pages.MyAccountPage - click on search torch icon
18:26:04.300 [main] INFO  com.qa.opencart.testcase.ProductDetailsPageTest - Perform the product search
18:26:04.306 [main] INFO  com.qa.opencart.pages.MyAccountPage - Search for Product:Macbook
18:26:04.349 [main] INFO  com.qa.opencart.utils.WebDriverUtils - Element is displayed::[[ChromeDriver: chrome on windows (189f855325d1c47c34deb3bddf727a91)] -> name: search]
18:26:04.349 [main] INFO  com.qa.opencart.pages.MyAccountPage - perform the type action on search editbox
18:26:06.583 [main] INFO  com.qa.opencart.pages.MyAccountPage - click on search torch icon
18:26:09.957 [main] INFO  com.qa.opencart.testcase.ProductDetailsPageTest - Perform the product search
18:26:09.967 [main] INFO  com.qa.opencart.pages.MyAccountPage - Search for Product:iMac
18:26:10.015 [main] INFO  com.qa.opencart.utils.WebDriverUtils - Element is displayed::[[ChromeDriver: chrome on windows (189f855325d1c47c34deb3bddf727a91)] -> name: search]
18:26:10.015 [main] INFO  com.qa.opencart.pages.MyAccountPage - perform the type action on search editbox
18:26:12.224 [main] INFO  com.qa.opencart.pages.MyAccountPage - click on search torch icon
18:26:15.187 [main] INFO  com.qa.opencart.testcase.ProductDetailsPageTest - Perform the product search
18:26:15.194 [main] INFO  com.qa.opencart.pages.MyAccountPage - Search for Product:Samsung
18:26:15.237 [main] INFO  com.qa.opencart.utils.WebDriverUtils - Element is displayed::[[ChromeDriver: chrome on windows (189f855325d1c47c34deb3bddf727a91)] -> name: search]
18:26:15.237 [main] INFO  com.qa.opencart.pages.MyAccountPage - perform the type action on search editbox
18:26:17.474 [main] INFO  com.qa.opencart.pages.MyAccountPage - click on search torch icon
18:26:20.808 [main] INFO  com.qa.opencart.testcase.ProductDetailsPageTest - Perform the product search
18:26:20.814 [main] INFO  com.qa.opencart.pages.MyAccountPage - Search for Product:Apple
18:26:20.853 [main] INFO  com.qa.opencart.utils.WebDriverUtils - Element is displayed::[[ChromeDriver: chrome on windows (189f855325d1c47c34deb3bddf727a91)] -> name: search]
18:26:20.853 [main] INFO  com.qa.opencart.pages.MyAccountPage - perform the type action on search editbox
18:26:23.092 [main] INFO  com.qa.opencart.pages.MyAccountPage - click on search torch icon
18:26:26.095 [main] INFO  com.qa.opencart.testcase.ProductDetailsPageTest - TC_02_Perform product Metadata test:
18:26:26.103 [main] INFO  com.qa.opencart.pages.MyAccountPage - Search for Product:MacBook
18:26:26.143 [main] INFO  com.qa.opencart.utils.WebDriverUtils - Element is displayed::[[ChromeDriver: chrome on windows (189f855325d1c47c34deb3bddf727a91)] -> name: search]
18:26:26.143 [main] INFO  com.qa.opencart.pages.MyAccountPage - perform the type action on search editbox
18:26:28.381 [main] INFO  com.qa.opencart.pages.MyAccountPage - click on search torch icon
18:28:55.868 [main] INFO  com.qa.opencart.testcase.RegistrationPageTest - Create Object for Faker class 
18:28:59.694 [main] INFO  com.qa.opencart.factory.WebDriverFactory - clear the cache/cookies 
18:28:59.715 [main] INFO  com.qa.opencart.factory.WebDriverFactory - adding implicit wait 
18:28:59.726 [main] INFO  com.qa.opencart.factory.WebDriverFactory - maximize the window
18:28:59.862 [main] INFO  com.qa.opencart.factory.TestBase - create object for WebDriverWait class
18:29:02.133 [main] INFO  com.qa.opencart.testcase.HomePageTest - Initializing the page class objects
18:29:02.205 [main] INFO  com.qa.opencart.testcase.HomePageTest - Verify the logo text
18:29:02.205 [main] INFO  com.qa.opencart.pages.HomePage - Verify opencart logo is present or not
18:29:02.486 [main] INFO  com.qa.opencart.utils.WebDriverUtils - Title of the page is :: Your Store
18:29:02.496 [main] INFO  com.qa.opencart.testcase.HomePageTest - Verify the open cart page title test
18:29:02.508 [main] INFO  com.qa.opencart.utils.WebDriverUtils - Title of the page is :: Your Store
18:29:02.733 [main] INFO  com.qa.opencart.utils.WebDriverUtils - Title of the page is :: Your Store
18:29:02.742 [main] INFO  com.qa.opencart.testcase.HomePageTest - Verify the featured section cards count
18:29:02.978 [main] INFO  com.qa.opencart.utils.WebDriverUtils - Title of the page is :: Your Store
18:29:02.986 [main] INFO  com.qa.opencart.testcase.HomePageTest - Navigate to registration page 
18:29:02.986 [main] INFO  com.qa.opencart.pages.HomePage - Opening my account menu
18:29:05.182 [main] INFO  com.qa.opencart.pages.HomePage - Click on Register link under myaccountMenu
18:29:08.041 [main] INFO  com.qa.opencart.testcase.HomePageTest - Assert the Registration page title
18:29:08.055 [main] INFO  com.qa.opencart.utils.WebDriverUtils - Title of the page is :: Register Account
18:29:08.056 [main] INFO  com.qa.opencart.testcase.HomePageTest - Click on Home breadcrumb icon in Registration page
18:29:08.056 [main] INFO  com.qa.opencart.pages.RegistrationPage - clicking on BreadCrumbHomeIcon
18:29:10.888 [main] INFO  com.qa.opencart.utils.WebDriverUtils - Title of the page is :: Your Store
18:29:10.909 [main] INFO  com.qa.opencart.testcase.HomePageTest - Navigate to login page 
18:29:10.909 [main] INFO  com.qa.opencart.pages.HomePage - Opening my account menu
18:29:13.100 [main] INFO  com.qa.opencart.pages.HomePage - Click on Login link under myaccountMenu
18:29:16.321 [main] INFO  com.qa.opencart.testcase.HomePageTest - Assert the Registration page title
18:29:16.329 [main] INFO  com.qa.opencart.utils.WebDriverUtils - Title of the page is :: Account Login
18:29:16.329 [main] INFO  com.qa.opencart.testcase.HomePageTest - Click on Home breadcrumb icon in login page
18:29:16.331 [main] INFO  com.qa.opencart.pages.LoginPage - Click on Breadcrumb home icon
18:29:19.397 [main] INFO  com.qa.opencart.utils.WebDriverUtils - Title of the page is :: Your Store
18:29:21.708 [main] INFO  com.qa.opencart.factory.WebDriverFactory - clear the cache/cookies 
18:29:21.724 [main] INFO  com.qa.opencart.factory.WebDriverFactory - adding implicit wait 
18:29:21.727 [main] INFO  com.qa.opencart.factory.WebDriverFactory - maximize the window
18:29:21.867 [main] INFO  com.qa.opencart.factory.TestBase - create object for WebDriverWait class
18:29:24.131 [main] INFO  com.qa.opencart.testcase.LoginPageTest - Initializing the page class objects
18:29:24.147 [main] INFO  com.qa.opencart.pages.HomePage - Opening my account menu
18:29:26.351 [main] INFO  com.qa.opencart.pages.HomePage - Click on Login link under myaccountMenu
18:29:29.022 [main] INFO  com.qa.opencart.testcase.LoginPageTest - Verify the login page url
18:29:29.236 [main] INFO  com.qa.opencart.testcase.LoginPageTest - Verify the login page title test
18:29:29.247 [main] INFO  com.qa.opencart.utils.WebDriverUtils - Title of the page is :: Account Login
18:29:29.398 [main] INFO  com.qa.opencart.testcase.LoginPageTest - Verify Login page elements test
18:29:29.479 [main] INFO  com.qa.opencart.utils.WebDriverUtils - Element is displayed::[[ChromeDriver: chrome on windows (1120f04997e1b7caec3466d05d754ca5)] -> css selector: div.well>h2]
18:29:29.546 [main] INFO  com.qa.opencart.utils.WebDriverUtils - Element is displayed::[[ChromeDriver: chrome on windows (1120f04997e1b7caec3466d05d754ca5)] -> xpath: //strong[contains(text(),'Register Account')]]
18:29:29.598 [main] INFO  com.qa.opencart.utils.WebDriverUtils - Element is displayed::[[ChromeDriver: chrome on windows (1120f04997e1b7caec3466d05d754ca5)] -> xpath: //h2[normalize-space()='Returning Customer']]
18:29:29.650 [main] INFO  com.qa.opencart.utils.WebDriverUtils - Element is displayed::[[ChromeDriver: chrome on windows (1120f04997e1b7caec3466d05d754ca5)] -> xpath: //ul[@class='breadcrumb']/li[3]/a[text()='Login']]
18:29:29.798 [main] INFO  com.qa.opencart.testcase.LoginPageTest - Navigate to registration page 
18:29:29.798 [main] INFO  com.qa.opencart.pages.LoginPage - click on new customer continue button
18:29:32.887 [main] INFO  com.qa.opencart.testcase.LoginPageTest - Assert the Registration page title
18:29:32.899 [main] INFO  com.qa.opencart.utils.WebDriverUtils - Title of the page is :: Register Account
18:29:32.899 [main] INFO  com.qa.opencart.testcase.LoginPageTest - click on browser back button in registration page
18:29:33.207 [main] INFO  com.qa.opencart.utils.WebDriverUtils - Navigate back
18:29:33.385 [main] INFO  com.qa.opencart.testcase.LoginPageTest - Navigate to forgot password page 
18:29:33.386 [main] INFO  com.qa.opencart.pages.LoginPage - Click on Forgot password link
18:29:36.125 [main] INFO  com.qa.opencart.testcase.LoginPageTest - Assert the forgotpassword page title
18:29:36.139 [main] INFO  com.qa.opencart.utils.WebDriverUtils - Title of the page is :: Forgot Your Password?
18:29:36.139 [main] INFO  com.qa.opencart.testcase.LoginPageTest - Click on browser back button in forgot password page
18:29:36.452 [main] INFO  com.qa.opencart.utils.WebDriverUtils - Navigate back
18:29:36.626 [main] INFO  com.qa.opencart.testcase.LoginPageTest - TC_07_Empty Credentials login to opencart app 
18:29:36.627 [main] INFO  com.qa.opencart.pages.LoginPage - Performing the login operation
18:29:41.145 [main] INFO  com.qa.opencart.pages.LoginPage - Click on Login button
18:29:43.662 [main] INFO  com.qa.opencart.testcase.LoginPageTest - Assert the empty creds error message in login page 
18:29:43.995 [main] INFO  com.qa.opencart.testcase.LoginPageTest - TC_06_Happy path flow login to opencart app 
18:29:43.995 [main] INFO  com.qa.opencart.pages.LoginPage - Performing the login operation
18:29:48.556 [main] INFO  com.qa.opencart.pages.LoginPage - Click on Login button
18:29:51.545 [main] INFO  com.qa.opencart.testcase.LoginPageTest - Assert the MyAccount page title
18:29:51.551 [main] INFO  com.qa.opencart.utils.WebDriverUtils - Title of the page is :: My Account
18:29:51.712 [main] INFO  com.qa.opencart.testcase.LoginPageTest - click on logout link in my account menu
18:29:51.713 [main] INFO  com.qa.opencart.pages.MyAccountPage - click on my account menu link
18:29:56.779 [main] INFO  com.qa.opencart.utils.WebDriverUtils - Title of the page is :: Account Logout
18:29:56.779 [main] INFO  com.qa.opencart.testcase.LoginPageTest - click on Continue button in logout page
18:29:59.319 [main] INFO  com.qa.opencart.utils.WebDriverUtils - Title of the page is :: Your Store
18:30:01.956 [main] INFO  com.qa.opencart.factory.WebDriverFactory - clear the cache/cookies 
18:30:01.963 [main] INFO  com.qa.opencart.factory.WebDriverFactory - adding implicit wait 
18:30:01.965 [main] INFO  com.qa.opencart.factory.WebDriverFactory - maximize the window
18:30:02.107 [main] INFO  com.qa.opencart.factory.TestBase - create object for WebDriverWait class
18:30:04.368 [main] INFO  com.qa.opencart.testcase.MyAccountPageTest - Initializing the page class objects
18:30:04.374 [main] INFO  com.qa.opencart.pages.HomePage - Opening my account menu
18:30:06.565 [main] INFO  com.qa.opencart.pages.HomePage - Click on Login link under myaccountMenu
18:30:09.049 [main] INFO  com.qa.opencart.testcase.MyAccountPageTest - Perform the login 
18:30:09.049 [main] INFO  com.qa.opencart.pages.LoginPage - Performing the login operation
18:30:13.684 [main] INFO  com.qa.opencart.pages.LoginPage - Click on Login button
18:30:16.545 [main] INFO  com.qa.opencart.testcase.MyAccountPageTest - Verify the MyAccount page url
18:30:16.546 [main] INFO  com.qa.opencart.pages.MyAccountPage - fetch my Account page url
18:30:16.727 [main] INFO  com.qa.opencart.testcase.MyAccountPageTest - Assert the MyAccount page title
18:30:16.739 [main] INFO  com.qa.opencart.utils.WebDriverUtils - Title of the page is :: My Account
18:30:16.886 [main] INFO  com.qa.opencart.testcase.MyAccountPageTest - Verify My Account page elements test
18:30:16.931 [main] INFO  com.qa.opencart.utils.WebDriverUtils - Element is displayed::[[ChromeDriver: chrome on windows (7b233bb1931fbdd847a8fec7b5d1383c)] -> name: search]
18:30:16.987 [main] INFO  com.qa.opencart.utils.WebDriverUtils - Element is displayed::[[ChromeDriver: chrome on windows (7b233bb1931fbdd847a8fec7b5d1383c)] -> link text: Logout]
18:30:17.125 [main] INFO  com.qa.opencart.testcase.MyAccountPageTest - TC_04_Verify My Account Menu options test 
18:30:17.125 [main] INFO  com.qa.opencart.pages.MyAccountPage - click on my account menu link
18:30:19.555 [main] INFO  com.qa.opencart.testcase.MyAccountPageTest - TC_05_Verify My Account Headers List 
18:30:19.556 [main] INFO  com.qa.opencart.pages.MyAccountPage - click on my account menu link
18:30:21.897 [main] INFO  com.qa.opencart.testcase.MyAccountPageTest - TC_06_Verify the broken links in my account page 
18:30:53.081 [main] INFO  com.qa.opencart.testcase.MyAccountPageTest - TC_07_Perform product search for:MacBook
18:30:53.089 [main] INFO  com.qa.opencart.pages.MyAccountPage - Search for Product:MacBook
18:30:53.146 [main] INFO  com.qa.opencart.utils.WebDriverUtils - Element is displayed::[[ChromeDriver: chrome on windows (7b233bb1931fbdd847a8fec7b5d1383c)] -> name: search]
18:30:53.147 [main] INFO  com.qa.opencart.pages.MyAccountPage - perform the type action on search editbox
18:30:55.393 [main] INFO  com.qa.opencart.pages.MyAccountPage - click on search torch icon
18:30:58.989 [main] INFO  com.qa.opencart.testcase.MyAccountPageTest - TC_07_Perform product search for:iMac
18:30:58.998 [main] INFO  com.qa.opencart.pages.MyAccountPage - Search for Product:iMac
18:30:59.048 [main] INFO  com.qa.opencart.utils.WebDriverUtils - Element is displayed::[[ChromeDriver: chrome on windows (7b233bb1931fbdd847a8fec7b5d1383c)] -> name: search]
18:30:59.048 [main] INFO  com.qa.opencart.pages.MyAccountPage - perform the type action on search editbox
18:31:01.314 [main] INFO  com.qa.opencart.pages.MyAccountPage - click on search torch icon
18:31:04.459 [main] INFO  com.qa.opencart.testcase.MyAccountPageTest - TC_07_Perform product search for:Samsung
18:31:04.465 [main] INFO  com.qa.opencart.pages.MyAccountPage - Search for Product:Samsung
18:31:04.518 [main] INFO  com.qa.opencart.utils.WebDriverUtils - Element is displayed::[[ChromeDriver: chrome on windows (7b233bb1931fbdd847a8fec7b5d1383c)] -> name: search]
18:31:04.518 [main] INFO  com.qa.opencart.pages.MyAccountPage - perform the type action on search editbox
18:31:06.775 [main] INFO  com.qa.opencart.pages.MyAccountPage - click on search torch icon
18:31:12.497 [main] INFO  com.qa.opencart.factory.WebDriverFactory - clear the cache/cookies 
18:31:12.509 [main] INFO  com.qa.opencart.factory.WebDriverFactory - adding implicit wait 
18:31:12.510 [main] INFO  com.qa.opencart.factory.WebDriverFactory - maximize the window
18:31:12.641 [main] INFO  com.qa.opencart.factory.TestBase - create object for WebDriverWait class
18:31:14.845 [main] INFO  com.qa.opencart.testcase.RegistrationPageTest - Create Object for Faker class 
18:31:18.534 [main] INFO  com.qa.opencart.factory.WebDriverFactory - clear the cache/cookies 
18:31:18.550 [main] INFO  com.qa.opencart.factory.WebDriverFactory - adding implicit wait 
18:31:18.556 [main] INFO  com.qa.opencart.factory.WebDriverFactory - maximize the window
18:31:18.724 [main] INFO  com.qa.opencart.factory.TestBase - create object for WebDriverWait class
18:31:21.008 [main] INFO  com.qa.opencart.testcase.ProductDetailsPageTest - Initializing the page class objects
18:31:21.019 [main] INFO  com.qa.opencart.pages.HomePage - Opening my account menu
18:31:23.230 [main] INFO  com.qa.opencart.pages.HomePage - Click on Login link under myaccountMenu
18:31:25.719 [main] INFO  com.qa.opencart.testcase.ProductDetailsPageTest - Perform the login 
18:31:25.720 [main] INFO  com.qa.opencart.pages.LoginPage - Performing the login operation
18:31:30.281 [main] INFO  com.qa.opencart.pages.LoginPage - Click on Login button
18:31:33.519 [main] INFO  com.qa.opencart.testcase.ProductDetailsPageTest - Perform the product search
18:31:33.531 [main] INFO  com.qa.opencart.pages.MyAccountPage - Search for Product:Macbook
18:31:33.600 [main] INFO  com.qa.opencart.utils.WebDriverUtils - Element is displayed::[[ChromeDriver: chrome on windows (a148648276c1f93c19affa9960e2b922)] -> name: search]
18:31:33.600 [main] INFO  com.qa.opencart.pages.MyAccountPage - perform the type action on search editbox
18:31:35.849 [main] INFO  com.qa.opencart.pages.MyAccountPage - click on search torch icon
18:31:39.099 [main] INFO  com.qa.opencart.testcase.ProductDetailsPageTest - Perform the product search
18:31:39.107 [main] INFO  com.qa.opencart.pages.MyAccountPage - Search for Product:Macbook
18:31:39.144 [main] INFO  com.qa.opencart.utils.WebDriverUtils - Element is displayed::[[ChromeDriver: chrome on windows (a148648276c1f93c19affa9960e2b922)] -> name: search]
18:31:39.144 [main] INFO  com.qa.opencart.pages.MyAccountPage - perform the type action on search editbox
18:31:41.390 [main] INFO  com.qa.opencart.pages.MyAccountPage - click on search torch icon
18:31:44.550 [main] INFO  com.qa.opencart.testcase.ProductDetailsPageTest - Perform the product search
18:31:44.558 [main] INFO  com.qa.opencart.pages.MyAccountPage - Search for Product:iMac
18:31:44.601 [main] INFO  com.qa.opencart.utils.WebDriverUtils - Element is displayed::[[ChromeDriver: chrome on windows (a148648276c1f93c19affa9960e2b922)] -> name: search]
18:31:44.601 [main] INFO  com.qa.opencart.pages.MyAccountPage - perform the type action on search editbox
18:31:46.816 [main] INFO  com.qa.opencart.pages.MyAccountPage - click on search torch icon
18:31:50.017 [main] INFO  com.qa.opencart.testcase.ProductDetailsPageTest - Perform the product search
18:31:50.023 [main] INFO  com.qa.opencart.pages.MyAccountPage - Search for Product:Samsung
18:31:50.070 [main] INFO  com.qa.opencart.utils.WebDriverUtils - Element is displayed::[[ChromeDriver: chrome on windows (a148648276c1f93c19affa9960e2b922)] -> name: search]
18:31:50.070 [main] INFO  com.qa.opencart.pages.MyAccountPage - perform the type action on search editbox
18:31:52.324 [main] INFO  com.qa.opencart.pages.MyAccountPage - click on search torch icon
18:31:55.512 [main] INFO  com.qa.opencart.testcase.ProductDetailsPageTest - Perform the product search
18:31:55.518 [main] INFO  com.qa.opencart.pages.MyAccountPage - Search for Product:Apple
18:31:55.562 [main] INFO  com.qa.opencart.utils.WebDriverUtils - Element is displayed::[[ChromeDriver: chrome on windows (a148648276c1f93c19affa9960e2b922)] -> name: search]
18:31:55.563 [main] INFO  com.qa.opencart.pages.MyAccountPage - perform the type action on search editbox
18:31:57.790 [main] INFO  com.qa.opencart.pages.MyAccountPage - click on search torch icon
18:32:00.786 [main] INFO  com.qa.opencart.testcase.ProductDetailsPageTest - TC_02_Perform product Metadata test:
18:32:00.796 [main] INFO  com.qa.opencart.pages.MyAccountPage - Search for Product:MacBook
18:32:00.841 [main] INFO  com.qa.opencart.utils.WebDriverUtils - Element is displayed::[[ChromeDriver: chrome on windows (a148648276c1f93c19affa9960e2b922)] -> name: search]
18:32:00.842 [main] INFO  com.qa.opencart.pages.MyAccountPage - perform the type action on search editbox
18:32:03.082 [main] INFO  com.qa.opencart.pages.MyAccountPage - click on search torch icon
18:11:05.863 [main] INFO  com.qa.opencart.testcase.RegistrationPageTest - Create Object for Faker class 
18:12:23.384 [main] INFO  com.qa.opencart.factory.WebDriverFactory - clear the cache/cookies 
18:12:23.401 [main] INFO  com.qa.opencart.factory.WebDriverFactory - adding implicit wait 
18:12:23.410 [main] INFO  com.qa.opencart.factory.WebDriverFactory - maximize the window
18:12:23.542 [main] INFO  com.qa.opencart.factory.TestBase - create object for WebDriverWait class
18:12:29.767 [main] INFO  com.qa.opencart.testcase.HomePageTest - Initializing the page class objects
18:12:29.867 [main] INFO  com.qa.opencart.testcase.HomePageTest - Verify the logo text
18:12:29.867 [main] INFO  com.qa.opencart.pages.HomePage - Verify opencart logo is present or not
18:12:30.231 [main] INFO  com.qa.opencart.utils.WebDriverUtils - Title of the page is :: Your Store
18:12:30.250 [main] INFO  com.qa.opencart.testcase.HomePageTest - Verify the open cart page title test
18:12:30.256 [main] INFO  com.qa.opencart.utils.WebDriverUtils - Title of the page is :: Your Store
18:12:30.506 [main] INFO  com.qa.opencart.utils.WebDriverUtils - Title of the page is :: Your Store
18:12:30.524 [main] INFO  com.qa.opencart.testcase.HomePageTest - Verify the featured section cards count
18:12:30.820 [main] INFO  com.qa.opencart.utils.WebDriverUtils - Title of the page is :: Your Store
18:12:30.835 [main] INFO  com.qa.opencart.testcase.HomePageTest - Navigate to registration page 
18:12:30.836 [main] INFO  com.qa.opencart.pages.HomePage - Opening my account menu
18:12:33.019 [main] INFO  com.qa.opencart.pages.HomePage - Click on Register link under myaccountMenu
18:12:36.311 [main] INFO  com.qa.opencart.testcase.HomePageTest - Assert the Registration page title
18:12:36.321 [main] INFO  com.qa.opencart.utils.WebDriverUtils - Title of the page is :: Register Account
18:12:36.321 [main] INFO  com.qa.opencart.testcase.HomePageTest - Click on Home breadcrumb icon in Registration page
18:12:36.321 [main] INFO  com.qa.opencart.pages.RegistrationPage - clicking on BreadCrumbHomeIcon
18:12:39.558 [main] INFO  com.qa.opencart.utils.WebDriverUtils - Title of the page is :: Your Store
18:12:39.573 [main] INFO  com.qa.opencart.testcase.HomePageTest - Navigate to login page 
18:12:39.573 [main] INFO  com.qa.opencart.pages.HomePage - Opening my account menu
18:12:41.736 [main] INFO  com.qa.opencart.pages.HomePage - Click on Login link under myaccountMenu
18:12:44.258 [main] INFO  com.qa.opencart.testcase.HomePageTest - Assert the Registration page title
18:12:44.264 [main] INFO  com.qa.opencart.utils.WebDriverUtils - Title of the page is :: Account Login
18:12:44.265 [main] INFO  com.qa.opencart.testcase.HomePageTest - Click on Home breadcrumb icon in login page
18:12:44.265 [main] INFO  com.qa.opencart.pages.LoginPage - Click on Breadcrumb home icon
18:12:47.067 [main] INFO  com.qa.opencart.utils.WebDriverUtils - Title of the page is :: Your Store
18:13:29.396 [main] INFO  com.qa.opencart.factory.WebDriverFactory - clear the cache/cookies 
18:13:29.411 [main] INFO  com.qa.opencart.factory.WebDriverFactory - adding implicit wait 
18:13:29.417 [main] INFO  com.qa.opencart.factory.WebDriverFactory - maximize the window
18:13:29.571 [main] INFO  com.qa.opencart.factory.TestBase - create object for WebDriverWait class
18:13:32.630 [main] INFO  com.qa.opencart.testcase.LoginPageTest - Initializing the page class objects
18:13:32.649 [main] INFO  com.qa.opencart.pages.HomePage - Opening my account menu
18:13:35.027 [main] INFO  com.qa.opencart.pages.HomePage - Click on Login link under myaccountMenu
18:13:37.719 [main] INFO  com.qa.opencart.testcase.LoginPageTest - Verify the login page url
18:13:38.217 [main] INFO  com.qa.opencart.testcase.LoginPageTest - Verify the login page title test
18:13:38.237 [main] INFO  com.qa.opencart.utils.WebDriverUtils - Title of the page is :: Account Login
18:13:38.548 [main] INFO  com.qa.opencart.testcase.LoginPageTest - Verify Login page elements test
18:13:38.654 [main] INFO  com.qa.opencart.utils.WebDriverUtils - Element is displayed::[[ChromeDriver: chrome on windows (38e270a6c161e0c669d5687cc5682b1a)] -> css selector: div.well>h2]
18:13:38.753 [main] INFO  com.qa.opencart.utils.WebDriverUtils - Element is displayed::[[ChromeDriver: chrome on windows (38e270a6c161e0c669d5687cc5682b1a)] -> xpath: //strong[contains(text(),'Register Account')]]
18:13:38.833 [main] INFO  com.qa.opencart.utils.WebDriverUtils - Element is displayed::[[ChromeDriver: chrome on windows (38e270a6c161e0c669d5687cc5682b1a)] -> xpath: //h2[normalize-space()='Returning Customer']]
18:13:38.903 [main] INFO  com.qa.opencart.utils.WebDriverUtils - Element is displayed::[[ChromeDriver: chrome on windows (38e270a6c161e0c669d5687cc5682b1a)] -> xpath: //ul[@class='breadcrumb']/li[3]/a[text()='Login']]
18:13:39.362 [main] INFO  com.qa.opencart.testcase.LoginPageTest - Navigate to registration page 
18:13:39.362 [main] INFO  com.qa.opencart.pages.LoginPage - click on new customer continue button
18:13:42.608 [main] INFO  com.qa.opencart.testcase.LoginPageTest - Assert the Registration page title
18:13:42.619 [main] INFO  com.qa.opencart.utils.WebDriverUtils - Title of the page is :: Register Account
18:13:42.619 [main] INFO  com.qa.opencart.testcase.LoginPageTest - click on browser back button in registration page
18:13:43.154 [main] INFO  com.qa.opencart.utils.WebDriverUtils - Navigate back
18:13:43.411 [main] INFO  com.qa.opencart.testcase.LoginPageTest - Navigate to forgot password page 
18:13:43.411 [main] INFO  com.qa.opencart.pages.LoginPage - Click on Forgot password link
18:13:46.135 [main] INFO  com.qa.opencart.testcase.LoginPageTest - Assert the forgotpassword page title
18:13:46.143 [main] INFO  com.qa.opencart.utils.WebDriverUtils - Title of the page is :: Forgot Your Password?
18:13:46.144 [main] INFO  com.qa.opencart.testcase.LoginPageTest - Click on browser back button in forgot password page
18:13:46.500 [main] INFO  com.qa.opencart.utils.WebDriverUtils - Navigate back
18:13:46.734 [main] INFO  com.qa.opencart.testcase.LoginPageTest - TC_07_Empty Credentials login to opencart app 
18:13:46.734 [main] INFO  com.qa.opencart.pages.LoginPage - Performing the login operation
18:13:51.336 [main] INFO  com.qa.opencart.pages.LoginPage - Click on Login button
18:13:53.939 [main] INFO  com.qa.opencart.testcase.LoginPageTest - Assert the empty creds error message in login page 
18:13:54.278 [main] INFO  com.qa.opencart.testcase.LoginPageTest - TC_06_Happy path flow login to opencart app 
18:13:54.278 [main] INFO  com.qa.opencart.pages.LoginPage - Performing the login operation
18:13:58.830 [main] INFO  com.qa.opencart.pages.LoginPage - Click on Login button
18:14:02.106 [main] INFO  com.qa.opencart.testcase.LoginPageTest - Assert the MyAccount page title
18:14:02.116 [main] INFO  com.qa.opencart.utils.WebDriverUtils - Title of the page is :: My Account
18:14:02.333 [main] INFO  com.qa.opencart.testcase.LoginPageTest - click on logout link in my account menu
18:14:02.333 [main] INFO  com.qa.opencart.pages.MyAccountPage - click on my account menu link
18:14:07.314 [main] INFO  com.qa.opencart.utils.WebDriverUtils - Title of the page is :: Account Logout
18:14:07.314 [main] INFO  com.qa.opencart.testcase.LoginPageTest - click on Continue button in logout page
18:14:09.878 [main] INFO  com.qa.opencart.utils.WebDriverUtils - Title of the page is :: Your Store
18:14:53.473 [main] INFO  com.qa.opencart.factory.WebDriverFactory - clear the cache/cookies 
18:14:53.485 [main] INFO  com.qa.opencart.factory.WebDriverFactory - adding implicit wait 
18:14:53.488 [main] INFO  com.qa.opencart.factory.WebDriverFactory - maximize the window
18:14:53.628 [main] INFO  com.qa.opencart.factory.TestBase - create object for WebDriverWait class
18:14:56.315 [main] INFO  com.qa.opencart.testcase.MyAccountPageTest - Initializing the page class objects
18:14:56.323 [main] INFO  com.qa.opencart.pages.HomePage - Opening my account menu
18:14:58.629 [main] INFO  com.qa.opencart.pages.HomePage - Click on Login link under myaccountMenu
18:15:01.274 [main] INFO  com.qa.opencart.testcase.MyAccountPageTest - Perform the login 
18:15:01.274 [main] INFO  com.qa.opencart.pages.LoginPage - Performing the login operation
18:15:05.974 [main] INFO  com.qa.opencart.pages.LoginPage - Click on Login button
18:15:09.047 [main] INFO  com.qa.opencart.testcase.MyAccountPageTest - Verify the MyAccount page url
18:15:09.047 [main] INFO  com.qa.opencart.pages.MyAccountPage - fetch my Account page url
18:15:09.376 [main] INFO  com.qa.opencart.testcase.MyAccountPageTest - Assert the MyAccount page title
18:15:09.387 [main] INFO  com.qa.opencart.utils.WebDriverUtils - Title of the page is :: My Account
18:15:09.679 [main] INFO  com.qa.opencart.testcase.MyAccountPageTest - Verify My Account page elements test
18:15:09.823 [main] INFO  com.qa.opencart.utils.WebDriverUtils - Element is displayed::[[ChromeDriver: chrome on windows (8bf10533becc51c4692089fc63875d55)] -> name: search]
18:15:09.932 [main] INFO  com.qa.opencart.utils.WebDriverUtils - Element is displayed::[[ChromeDriver: chrome on windows (8bf10533becc51c4692089fc63875d55)] -> link text: Logout]
18:15:10.174 [main] INFO  com.qa.opencart.testcase.MyAccountPageTest - TC_04_Verify My Account Menu options test 
18:15:10.174 [main] INFO  com.qa.opencart.pages.MyAccountPage - click on my account menu link
18:15:12.764 [main] INFO  com.qa.opencart.testcase.MyAccountPageTest - TC_05_Verify My Account Headers List 
18:15:12.764 [main] INFO  com.qa.opencart.pages.MyAccountPage - click on my account menu link
18:15:15.197 [main] INFO  com.qa.opencart.testcase.MyAccountPageTest - TC_06_Verify the broken links in my account page 
18:15:51.489 [main] INFO  com.qa.opencart.testcase.MyAccountPageTest - TC_07_Perform product search for:MacBook
18:15:51.497 [main] INFO  com.qa.opencart.pages.MyAccountPage - Search for Product:MacBook
18:15:51.552 [main] INFO  com.qa.opencart.utils.WebDriverUtils - Element is displayed::[[ChromeDriver: chrome on windows (8bf10533becc51c4692089fc63875d55)] -> name: search]
18:15:51.552 [main] INFO  com.qa.opencart.pages.MyAccountPage - perform the type action on search editbox
18:15:53.797 [main] INFO  com.qa.opencart.pages.MyAccountPage - click on search torch icon
18:15:57.845 [main] INFO  com.qa.opencart.testcase.MyAccountPageTest - TC_07_Perform product search for:iMac
18:15:57.853 [main] INFO  com.qa.opencart.pages.MyAccountPage - Search for Product:iMac
18:15:57.925 [main] INFO  com.qa.opencart.utils.WebDriverUtils - Element is displayed::[[ChromeDriver: chrome on windows (8bf10533becc51c4692089fc63875d55)] -> name: search]
18:15:57.925 [main] INFO  com.qa.opencart.pages.MyAccountPage - perform the type action on search editbox
18:16:00.347 [main] INFO  com.qa.opencart.pages.MyAccountPage - click on search torch icon
18:16:03.894 [main] INFO  com.qa.opencart.testcase.MyAccountPageTest - TC_07_Perform product search for:Samsung
18:16:03.902 [main] INFO  com.qa.opencart.pages.MyAccountPage - Search for Product:Samsung
18:16:03.950 [main] INFO  com.qa.opencart.utils.WebDriverUtils - Element is displayed::[[ChromeDriver: chrome on windows (8bf10533becc51c4692089fc63875d55)] -> name: search]
18:16:03.950 [main] INFO  com.qa.opencart.pages.MyAccountPage - perform the type action on search editbox
18:16:06.193 [main] INFO  com.qa.opencart.pages.MyAccountPage - click on search torch icon
18:16:42.427 [main] INFO  com.qa.opencart.factory.WebDriverFactory - clear the cache/cookies 
18:16:42.440 [main] INFO  com.qa.opencart.factory.WebDriverFactory - adding implicit wait 
18:16:42.447 [main] INFO  com.qa.opencart.factory.WebDriverFactory - maximize the window
18:16:42.590 [main] INFO  com.qa.opencart.factory.TestBase - create object for WebDriverWait class
18:16:45.273 [main] INFO  com.qa.opencart.testcase.RegistrationPageTest - Create Object for Faker class 
18:17:19.838 [main] INFO  com.qa.opencart.factory.WebDriverFactory - clear the cache/cookies 
18:17:19.846 [main] INFO  com.qa.opencart.factory.WebDriverFactory - adding implicit wait 
18:17:19.848 [main] INFO  com.qa.opencart.factory.WebDriverFactory - maximize the window
18:17:19.981 [main] INFO  com.qa.opencart.factory.TestBase - create object for WebDriverWait class
18:17:23.783 [main] INFO  com.qa.opencart.testcase.ProductDetailsPageTest - Initializing the page class objects
18:17:23.787 [main] INFO  com.qa.opencart.pages.HomePage - Opening my account menu
18:17:25.960 [main] INFO  com.qa.opencart.pages.HomePage - Click on Login link under myaccountMenu
18:17:28.546 [main] INFO  com.qa.opencart.testcase.ProductDetailsPageTest - Perform the login 
18:17:28.546 [main] INFO  com.qa.opencart.pages.LoginPage - Performing the login operation
18:17:32.987 [main] INFO  com.qa.opencart.pages.LoginPage - Click on Login button
18:17:35.871 [main] INFO  com.qa.opencart.testcase.ProductDetailsPageTest - Perform the product search
18:17:35.878 [main] INFO  com.qa.opencart.pages.MyAccountPage - Search for Product:Macbook
18:17:35.914 [main] INFO  com.qa.opencart.utils.WebDriverUtils - Element is displayed::[[ChromeDriver: chrome on windows (adef8cd87aa93f25d5c9d8cdd12feca7)] -> name: search]
18:17:35.914 [main] INFO  com.qa.opencart.pages.MyAccountPage - perform the type action on search editbox
18:17:38.097 [main] INFO  com.qa.opencart.pages.MyAccountPage - click on search torch icon
18:17:41.231 [main] INFO  com.qa.opencart.testcase.ProductDetailsPageTest - Perform the product search
18:17:41.237 [main] INFO  com.qa.opencart.pages.MyAccountPage - Search for Product:Macbook
18:17:41.270 [main] INFO  com.qa.opencart.utils.WebDriverUtils - Element is displayed::[[ChromeDriver: chrome on windows (adef8cd87aa93f25d5c9d8cdd12feca7)] -> name: search]
18:17:41.271 [main] INFO  com.qa.opencart.pages.MyAccountPage - perform the type action on search editbox
18:17:43.486 [main] INFO  com.qa.opencart.pages.MyAccountPage - click on search torch icon
18:17:46.403 [main] INFO  com.qa.opencart.testcase.ProductDetailsPageTest - Perform the product search
18:17:46.411 [main] INFO  com.qa.opencart.pages.MyAccountPage - Search for Product:iMac
18:17:46.446 [main] INFO  com.qa.opencart.utils.WebDriverUtils - Element is displayed::[[ChromeDriver: chrome on windows (adef8cd87aa93f25d5c9d8cdd12feca7)] -> name: search]
18:17:46.446 [main] INFO  com.qa.opencart.pages.MyAccountPage - perform the type action on search editbox
18:17:48.649 [main] INFO  com.qa.opencart.pages.MyAccountPage - click on search torch icon
18:17:51.583 [main] INFO  com.qa.opencart.testcase.ProductDetailsPageTest - Perform the product search
18:17:51.591 [main] INFO  com.qa.opencart.pages.MyAccountPage - Search for Product:Samsung
18:17:51.619 [main] INFO  com.qa.opencart.utils.WebDriverUtils - Element is displayed::[[ChromeDriver: chrome on windows (adef8cd87aa93f25d5c9d8cdd12feca7)] -> name: search]
18:17:51.619 [main] INFO  com.qa.opencart.pages.MyAccountPage - perform the type action on search editbox
18:17:53.824 [main] INFO  com.qa.opencart.pages.MyAccountPage - click on search torch icon
18:17:56.835 [main] INFO  com.qa.opencart.testcase.ProductDetailsPageTest - Perform the product search
18:17:56.844 [main] INFO  com.qa.opencart.pages.MyAccountPage - Search for Product:Apple
18:17:56.891 [main] INFO  com.qa.opencart.utils.WebDriverUtils - Element is displayed::[[ChromeDriver: chrome on windows (adef8cd87aa93f25d5c9d8cdd12feca7)] -> name: search]
18:17:56.891 [main] INFO  com.qa.opencart.pages.MyAccountPage - perform the type action on search editbox
18:17:59.059 [main] INFO  com.qa.opencart.pages.MyAccountPage - click on search torch icon
18:18:02.035 [main] INFO  com.qa.opencart.testcase.ProductDetailsPageTest - TC_02_Perform product Metadata test:
18:18:02.043 [main] INFO  com.qa.opencart.pages.MyAccountPage - Search for Product:MacBook
18:18:02.082 [main] INFO  com.qa.opencart.utils.WebDriverUtils - Element is displayed::[[ChromeDriver: chrome on windows (adef8cd87aa93f25d5c9d8cdd12feca7)] -> name: search]
18:18:02.082 [main] INFO  com.qa.opencart.pages.MyAccountPage - perform the type action on search editbox
18:18:04.236 [main] INFO  com.qa.opencart.pages.MyAccountPage - click on search torch icon
18:20:06.378 [main] INFO  com.qa.opencart.testcase.RegistrationPageTest - Create Object for Faker class 
18:21:01.548 [main] INFO  com.qa.opencart.factory.WebDriverFactory - clear the cache/cookies 
18:21:01.576 [main] INFO  com.qa.opencart.factory.WebDriverFactory - adding implicit wait 
18:21:01.589 [main] INFO  com.qa.opencart.factory.WebDriverFactory - maximize the window
18:21:01.727 [main] INFO  com.qa.opencart.factory.TestBase - create object for WebDriverWait class
18:21:03.019 [main] INFO  com.qa.opencart.testcase.HomePageTest - Initializing the page class objects
18:21:05.125 [main] INFO  com.qa.opencart.testcase.HomePageTest - Verify the logo text
18:21:05.125 [main] INFO  com.qa.opencart.pages.HomePage - Verify opencart logo is present or not
18:21:05.618 [main] INFO  com.qa.opencart.utils.WebDriverUtils - Title of the page is :: Your Store
18:21:05.635 [main] INFO  com.qa.opencart.testcase.HomePageTest - Verify the open cart page title test
18:21:05.644 [main] INFO  com.qa.opencart.utils.WebDriverUtils - Title of the page is :: Your Store
18:21:05.978 [main] INFO  com.qa.opencart.utils.WebDriverUtils - Title of the page is :: Your Store
18:21:05.994 [main] INFO  com.qa.opencart.testcase.HomePageTest - Verify the featured section cards count
18:21:06.367 [main] INFO  com.qa.opencart.utils.WebDriverUtils - Title of the page is :: Your Store
18:21:06.383 [main] INFO  com.qa.opencart.testcase.HomePageTest - Navigate to registration page 
18:21:06.383 [main] INFO  com.qa.opencart.pages.HomePage - Opening my account menu
18:21:08.586 [main] INFO  com.qa.opencart.pages.HomePage - Click on Register link under myaccountMenu
18:21:11.690 [main] INFO  com.qa.opencart.testcase.HomePageTest - Assert the Registration page title
18:21:11.699 [main] INFO  com.qa.opencart.utils.WebDriverUtils - Title of the page is :: Register Account
18:21:11.700 [main] INFO  com.qa.opencart.testcase.HomePageTest - Click on Home breadcrumb icon in Registration page
18:21:11.700 [main] INFO  com.qa.opencart.pages.RegistrationPage - clicking on BreadCrumbHomeIcon
18:21:15.093 [main] INFO  com.qa.opencart.utils.WebDriverUtils - Title of the page is :: Your Store
18:21:15.109 [main] INFO  com.qa.opencart.testcase.HomePageTest - Navigate to login page 
18:21:15.109 [main] INFO  com.qa.opencart.pages.HomePage - Opening my account menu
18:21:17.260 [main] INFO  com.qa.opencart.pages.HomePage - Click on Login link under myaccountMenu
18:21:20.152 [main] INFO  com.qa.opencart.testcase.HomePageTest - Assert the Registration page title
18:21:20.160 [main] INFO  com.qa.opencart.utils.WebDriverUtils - Title of the page is :: Account Login
18:21:20.162 [main] INFO  com.qa.opencart.testcase.HomePageTest - Click on Home breadcrumb icon in login page
18:21:20.162 [main] INFO  com.qa.opencart.pages.LoginPage - Click on Breadcrumb home icon
18:21:22.943 [main] INFO  com.qa.opencart.utils.WebDriverUtils - Title of the page is :: Your Store
18:22:05.327 [main] INFO  com.qa.opencart.factory.WebDriverFactory - clear the cache/cookies 
18:22:05.339 [main] INFO  com.qa.opencart.factory.WebDriverFactory - adding implicit wait 
18:22:05.343 [main] INFO  com.qa.opencart.factory.WebDriverFactory - maximize the window
18:22:05.473 [main] INFO  com.qa.opencart.factory.TestBase - create object for WebDriverWait class
18:22:08.215 [main] INFO  com.qa.opencart.testcase.LoginPageTest - Initializing the page class objects
18:22:08.226 [main] INFO  com.qa.opencart.pages.HomePage - Opening my account menu
18:22:10.435 [main] INFO  com.qa.opencart.pages.HomePage - Click on Login link under myaccountMenu
18:22:12.985 [main] INFO  com.qa.opencart.testcase.LoginPageTest - Verify the login page url
18:22:13.293 [main] INFO  com.qa.opencart.testcase.LoginPageTest - Verify the login page title test
