18:10:14.532 [main] INFO  com.qa.opencart.factory.WebDriverFactory - clear the cache/cookies 
18:10:14.548 [main] INFO  com.qa.opencart.factory.WebDriverFactory - adding implicit wait 
18:10:14.560 [main] INFO  com.qa.opencart.factory.WebDriverFactory - maximize the window
18:10:14.722 [main] INFO  com.qa.opencart.factory.TestBase - create object for WebDriverWait class
18:10:17.570 [main] INFO  com.qa.opencart.testcase.HomePageTest - Initializing the page class objects
18:10:17.692 [main] INFO  com.qa.opencart.testcase.HomePageTest - Verify the logo text
18:10:17.692 [main] INFO  com.qa.opencart.pages.HomePage - Verify opencart logo is present or not
18:10:17.759 [main] INFO  com.qa.opencart.utils.WebDriverUtils - Title of the page is :: Your Store
18:10:17.773 [main] INFO  com.qa.opencart.testcase.HomePageTest - Verify the open cart page title test
18:10:17.780 [main] INFO  com.qa.opencart.utils.WebDriverUtils - Title of the page is :: Your Store
18:10:17.795 [main] INFO  com.qa.opencart.utils.WebDriverUtils - Title of the page is :: Your Store
18:10:17.811 [main] INFO  com.qa.opencart.testcase.HomePageTest - Verify the featured section cards count
18:10:17.854 [main] INFO  com.qa.opencart.utils.WebDriverUtils - Title of the page is :: Your Store
18:10:17.864 [main] INFO  com.qa.opencart.testcase.HomePageTest - Navigate to registration page 
18:10:17.864 [main] INFO  com.qa.opencart.pages.HomePage - Opening my account menu
18:10:20.043 [main] INFO  com.qa.opencart.pages.HomePage - Click on Register link under myaccountMenu
18:10:22.825 [main] INFO  com.qa.opencart.testcase.HomePageTest - Assert the Registration page title
18:10:22.839 [main] INFO  com.qa.opencart.utils.WebDriverUtils - Title of the page is :: Register Account
18:10:22.839 [main] INFO  com.qa.opencart.testcase.HomePageTest - Click on Home breadcrumb icon in Registration page
18:10:22.839 [main] INFO  com.qa.opencart.pages.RegistrationPage - clicking on BreadCrumbHomeIcon
18:10:25.438 [main] INFO  com.qa.opencart.utils.WebDriverUtils - Title of the page is :: Your Store
18:10:25.464 [main] INFO  com.qa.opencart.testcase.HomePageTest - Navigate to login page 
18:10:25.464 [main] INFO  com.qa.opencart.pages.HomePage - Opening my account menu
18:10:27.663 [main] INFO  com.qa.opencart.pages.HomePage - Click on Login link under myaccountMenu
18:10:30.239 [main] INFO  com.qa.opencart.testcase.HomePageTest - Assert the Registration page title
18:10:30.256 [main] INFO  com.qa.opencart.utils.WebDriverUtils - Title of the page is :: Account Login
18:10:30.257 [main] INFO  com.qa.opencart.testcase.HomePageTest - Click on Home breadcrumb icon in login page
18:10:30.257 [main] INFO  com.qa.opencart.pages.LoginPage - Click on Breadcrumb home icon
18:10:32.908 [main] INFO  com.qa.opencart.utils.WebDriverUtils - Title of the page is :: Your Store
17:56:42.776 [main] INFO  com.qa.opencart.factory.WebDriverFactory - clear the cache/cookies 
17:56:42.798 [main] INFO  com.qa.opencart.factory.WebDriverFactory - adding implicit wait 
17:56:42.804 [main] INFO  com.qa.opencart.factory.WebDriverFactory - maximize the window
17:56:42.958 [main] INFO  com.qa.opencart.factory.TestBase - create object for WebDriverWait class
17:56:45.912 [main] INFO  com.qa.opencart.testcase.HomePageTest - Initializing the page class objects
17:56:46.044 [main] INFO  com.qa.opencart.testcase.HomePageTest - Verify the logo text
17:56:46.044 [main] INFO  com.qa.opencart.pages.HomePage - Verify opencart logo is present or not
17:56:46.383 [main] INFO  com.qa.opencart.utils.WebDriverUtils - Title of the page is :: Your Store
17:56:46.396 [main] INFO  com.qa.opencart.testcase.HomePageTest - Verify the open cart page title test
17:56:46.403 [main] INFO  com.qa.opencart.utils.WebDriverUtils - Title of the page is :: Your Store
17:56:46.664 [main] INFO  com.qa.opencart.utils.WebDriverUtils - Title of the page is :: Your Store
17:56:46.674 [main] INFO  com.qa.opencart.testcase.HomePageTest - Verify the featured section cards count
17:56:46.957 [main] INFO  com.qa.opencart.utils.WebDriverUtils - Title of the page is :: Your Store
17:56:46.982 [main] INFO  com.qa.opencart.testcase.HomePageTest - Navigate to registration page 
17:56:46.983 [main] INFO  com.qa.opencart.pages.HomePage - Opening my account menu
17:56:49.205 [main] INFO  com.qa.opencart.pages.HomePage - Click on Register link under myaccountMenu
17:56:52.346 [main] INFO  com.qa.opencart.testcase.HomePageTest - Assert the Registration page title
17:56:52.363 [main] INFO  com.qa.opencart.utils.WebDriverUtils - Title of the page is :: Register Account
17:56:52.364 [main] INFO  com.qa.opencart.testcase.HomePageTest - Click on Home breadcrumb icon in Registration page
17:56:52.364 [main] INFO  com.qa.opencart.pages.RegistrationPage - clicking on BreadCrumbHomeIcon
17:56:55.324 [main] INFO  com.qa.opencart.utils.WebDriverUtils - Title of the page is :: Your Store
17:56:55.346 [main] INFO  com.qa.opencart.testcase.HomePageTest - Navigate to login page 
17:56:55.346 [main] INFO  com.qa.opencart.pages.HomePage - Opening my account menu
17:56:57.537 [main] INFO  com.qa.opencart.pages.HomePage - Click on Login link under myaccountMenu
17:57:00.256 [main] INFO  com.qa.opencart.testcase.HomePageTest - Assert the Registration page title
17:57:00.269 [main] INFO  com.qa.opencart.utils.WebDriverUtils - Title of the page is :: Account Login
17:57:00.269 [main] INFO  com.qa.opencart.testcase.HomePageTest - Click on Home breadcrumb icon in login page
17:57:00.269 [main] INFO  com.qa.opencart.pages.LoginPage - Click on Breadcrumb home icon
17:57:03.254 [main] INFO  com.qa.opencart.utils.WebDriverUtils - Title of the page is :: Your Store
17:57:05.682 [main] INFO  com.qa.opencart.factory.WebDriverFactory - clear the cache/cookies 
17:57:05.720 [main] INFO  com.qa.opencart.factory.WebDriverFactory - adding implicit wait 
17:57:05.725 [main] INFO  com.qa.opencart.factory.WebDriverFactory - maximize the window
17:57:05.885 [main] INFO  com.qa.opencart.factory.TestBase - create object for WebDriverWait class
17:57:08.303 [main] INFO  com.qa.opencart.testcase.LoginPageTest - Initializing the page class objects
17:57:08.322 [main] INFO  com.qa.opencart.pages.HomePage - Opening my account menu
17:57:10.540 [main] INFO  com.qa.opencart.pages.HomePage - Click on Login link under myaccountMenu
17:57:13.310 [main] INFO  com.qa.opencart.testcase.LoginPageTest - Verify the login page url
17:57:13.528 [main] INFO  com.qa.opencart.utils.WebDriverUtils - Title of the page is :: Account Login
17:57:13.549 [main] INFO  com.qa.opencart.testcase.LoginPageTest - Verify the login page title test
17:57:13.557 [main] INFO  com.qa.opencart.utils.WebDriverUtils - Title of the page is :: Account Login
17:57:13.724 [main] INFO  com.qa.opencart.utils.WebDriverUtils - Title of the page is :: Account Login
17:57:13.753 [main] INFO  com.qa.opencart.testcase.LoginPageTest - Verify Login page elements test
17:57:13.838 [main] INFO  com.qa.opencart.utils.WebDriverUtils - Element is displayed::[[ChromeDriver: chrome on windows (c6177346b9979064a6019411b63ff1b2)] -> css selector: div.well>h2]
17:57:13.901 [main] INFO  com.qa.opencart.utils.WebDriverUtils - Element is displayed::[[ChromeDriver: chrome on windows (c6177346b9979064a6019411b63ff1b2)] -> xpath: //strong[contains(text(),'Register Account')]]
17:57:13.966 [main] INFO  com.qa.opencart.utils.WebDriverUtils - Element is displayed::[[ChromeDriver: chrome on windows (c6177346b9979064a6019411b63ff1b2)] -> xpath: //h2[normalize-space()='Returning Customer']]
17:57:14.036 [main] INFO  com.qa.opencart.utils.WebDriverUtils - Element is displayed::[[ChromeDriver: chrome on windows (c6177346b9979064a6019411b63ff1b2)] -> xpath: //ul[@class='breadcrumb']/li[3]/a[text()='Login']]
17:57:14.188 [main] INFO  com.qa.opencart.utils.WebDriverUtils - Title of the page is :: Account Login
17:57:14.219 [main] INFO  com.qa.opencart.testcase.LoginPageTest - Navigate to registration page 
17:57:14.219 [main] INFO  com.qa.opencart.pages.LoginPage - click on new customer continue button
17:57:17.126 [main] INFO  com.qa.opencart.testcase.LoginPageTest - Assert the Registration page title
17:57:17.139 [main] INFO  com.qa.opencart.utils.WebDriverUtils - Title of the page is :: Register Account
17:57:17.139 [main] INFO  com.qa.opencart.testcase.LoginPageTest - click on browser back button in registration page
17:57:17.481 [main] INFO  com.qa.opencart.utils.WebDriverUtils - Navigate back
17:57:17.706 [main] INFO  com.qa.opencart.utils.WebDriverUtils - Title of the page is :: Account Login
17:57:17.728 [main] INFO  com.qa.opencart.testcase.LoginPageTest - Navigate to forgot password page 
17:57:17.729 [main] INFO  com.qa.opencart.pages.LoginPage - Click on Forgot password link
17:57:20.532 [main] INFO  com.qa.opencart.testcase.LoginPageTest - Assert the forgotpassword page title
17:57:20.553 [main] INFO  com.qa.opencart.utils.WebDriverUtils - Title of the page is :: Forgot Your Password?
17:57:20.553 [main] INFO  com.qa.opencart.testcase.LoginPageTest - Click on browser back button in forgot password page
17:57:20.904 [main] INFO  com.qa.opencart.utils.WebDriverUtils - Navigate back
17:57:21.111 [main] INFO  com.qa.opencart.utils.WebDriverUtils - Title of the page is :: Account Login
17:57:21.128 [main] INFO  com.qa.opencart.testcase.LoginPageTest - TC_07_Empty Credentials login to opencart app 
17:57:21.128 [main] INFO  com.qa.opencart.pages.LoginPage - Performing the login operation
17:57:25.638 [main] INFO  com.qa.opencart.pages.LoginPage - Click on Login button
17:57:28.226 [main] INFO  com.qa.opencart.testcase.LoginPageTest - Assert the empty creds error message in login page 
17:57:28.527 [main] INFO  com.qa.opencart.utils.WebDriverUtils - Title of the page is :: Account Login
17:57:28.551 [main] INFO  com.qa.opencart.testcase.LoginPageTest - TC_06_Happy path flow login to opencart app 
17:57:28.551 [main] INFO  com.qa.opencart.pages.LoginPage - Performing the login operation
17:57:33.157 [main] INFO  com.qa.opencart.pages.LoginPage - Click on Login button
17:57:36.186 [main] INFO  com.qa.opencart.testcase.LoginPageTest - Assert the MyAccount page title
17:57:36.195 [main] INFO  com.qa.opencart.utils.WebDriverUtils - Title of the page is :: My Account
17:57:36.356 [main] INFO  com.qa.opencart.utils.WebDriverUtils - Title of the page is :: My Account
18:04:56.646 [main] INFO  com.qa.opencart.factory.WebDriverFactory - clear the cache/cookies 
18:04:56.676 [main] INFO  com.qa.opencart.factory.WebDriverFactory - adding implicit wait 
18:04:56.684 [main] INFO  com.qa.opencart.factory.WebDriverFactory - maximize the window
18:04:56.834 [main] INFO  com.qa.opencart.factory.TestBase - create object for WebDriverWait class
18:04:59.247 [main] INFO  com.qa.opencart.testcase.HomePageTest - Initializing the page class objects
18:04:59.411 [main] INFO  com.qa.opencart.testcase.HomePageTest - Verify the logo text
18:04:59.411 [main] INFO  com.qa.opencart.pages.HomePage - Verify opencart logo is present or not
18:04:59.722 [main] INFO  com.qa.opencart.utils.WebDriverUtils - Title of the page is :: Your Store
18:04:59.732 [main] INFO  com.qa.opencart.testcase.HomePageTest - Verify the open cart page title test
18:04:59.740 [main] INFO  com.qa.opencart.utils.WebDriverUtils - Title of the page is :: Your Store
18:04:59.981 [main] INFO  com.qa.opencart.utils.WebDriverUtils - Title of the page is :: Your Store
18:04:59.992 [main] INFO  com.qa.opencart.testcase.HomePageTest - Verify the featured section cards count
18:05:00.259 [main] INFO  com.qa.opencart.utils.WebDriverUtils - Title of the page is :: Your Store
18:05:00.268 [main] INFO  com.qa.opencart.testcase.HomePageTest - Navigate to registration page 
18:05:00.268 [main] INFO  com.qa.opencart.pages.HomePage - Opening my account menu
18:05:02.444 [main] INFO  com.qa.opencart.pages.HomePage - Click on Register link under myaccountMenu
18:05:05.407 [main] INFO  com.qa.opencart.testcase.HomePageTest - Assert the Registration page title
18:05:05.428 [main] INFO  com.qa.opencart.utils.WebDriverUtils - Title of the page is :: Register Account
18:05:05.428 [main] INFO  com.qa.opencart.testcase.HomePageTest - Click on Home breadcrumb icon in Registration page
18:05:05.428 [main] INFO  com.qa.opencart.pages.RegistrationPage - clicking on BreadCrumbHomeIcon
18:05:08.389 [main] INFO  com.qa.opencart.utils.WebDriverUtils - Title of the page is :: Your Store
18:05:08.408 [main] INFO  com.qa.opencart.testcase.HomePageTest - Navigate to login page 
18:05:08.408 [main] INFO  com.qa.opencart.pages.HomePage - Opening my account menu
18:05:10.584 [main] INFO  com.qa.opencart.pages.HomePage - Click on Login link under myaccountMenu
18:05:13.905 [main] INFO  com.qa.opencart.testcase.HomePageTest - Assert the Registration page title
18:05:13.916 [main] INFO  com.qa.opencart.utils.WebDriverUtils - Title of the page is :: Account Login
18:05:13.916 [main] INFO  com.qa.opencart.testcase.HomePageTest - Click on Home breadcrumb icon in login page
18:05:13.916 [main] INFO  com.qa.opencart.pages.LoginPage - Click on Breadcrumb home icon
18:05:16.990 [main] INFO  com.qa.opencart.utils.WebDriverUtils - Title of the page is :: Your Store
18:05:19.333 [main] INFO  com.qa.opencart.factory.WebDriverFactory - clear the cache/cookies 
18:05:19.349 [main] INFO  com.qa.opencart.factory.WebDriverFactory - adding implicit wait 
18:05:19.351 [main] INFO  com.qa.opencart.factory.WebDriverFactory - maximize the window
18:05:19.517 [main] INFO  com.qa.opencart.factory.TestBase - create object for WebDriverWait class
18:05:22.107 [main] INFO  com.qa.opencart.testcase.LoginPageTest - Initializing the page class objects
18:05:22.125 [main] INFO  com.qa.opencart.pages.HomePage - Opening my account menu
18:05:24.315 [main] INFO  com.qa.opencart.pages.HomePage - Click on Login link under myaccountMenu
18:05:27.059 [main] INFO  com.qa.opencart.testcase.LoginPageTest - Verify the login page url
18:05:27.321 [main] INFO  com.qa.opencart.testcase.LoginPageTest - Verify the login page title test
18:05:27.332 [main] INFO  com.qa.opencart.utils.WebDriverUtils - Title of the page is :: Account Login
18:05:27.481 [main] INFO  com.qa.opencart.testcase.LoginPageTest - Verify Login page elements test
18:05:27.559 [main] INFO  com.qa.opencart.utils.WebDriverUtils - Element is displayed::[[ChromeDriver: chrome on windows (15917123dce038180c43073eed0d57fb)] -> css selector: div.well>h2]
18:05:27.619 [main] INFO  com.qa.opencart.utils.WebDriverUtils - Element is displayed::[[ChromeDriver: chrome on windows (15917123dce038180c43073eed0d57fb)] -> xpath: //strong[contains(text(),'Register Account')]]
18:05:27.669 [main] INFO  com.qa.opencart.utils.WebDriverUtils - Element is displayed::[[ChromeDriver: chrome on windows (15917123dce038180c43073eed0d57fb)] -> xpath: //h2[normalize-space()='Returning Customer']]
18:05:27.719 [main] INFO  com.qa.opencart.utils.WebDriverUtils - Element is displayed::[[ChromeDriver: chrome on windows (15917123dce038180c43073eed0d57fb)] -> xpath: //ul[@class='breadcrumb']/li[3]/a[text()='Login']]
18:05:27.871 [main] INFO  com.qa.opencart.testcase.LoginPageTest - Navigate to registration page 
18:05:27.872 [main] INFO  com.qa.opencart.pages.LoginPage - click on new customer continue button
18:05:30.757 [main] INFO  com.qa.opencart.testcase.LoginPageTest - Assert the Registration page title
18:05:30.787 [main] INFO  com.qa.opencart.utils.WebDriverUtils - Title of the page is :: Register Account
18:05:30.787 [main] INFO  com.qa.opencart.testcase.LoginPageTest - click on browser back button in registration page
18:05:31.115 [main] INFO  com.qa.opencart.utils.WebDriverUtils - Navigate back
18:05:31.295 [main] INFO  com.qa.opencart.testcase.LoginPageTest - Navigate to forgot password page 
18:05:31.296 [main] INFO  com.qa.opencart.pages.LoginPage - Click on Forgot password link
18:05:33.873 [main] INFO  com.qa.opencart.testcase.LoginPageTest - Assert the forgotpassword page title
18:05:33.886 [main] INFO  com.qa.opencart.utils.WebDriverUtils - Title of the page is :: Forgot Your Password?
18:05:33.886 [main] INFO  com.qa.opencart.testcase.LoginPageTest - Click on browser back button in forgot password page
18:05:34.204 [main] INFO  com.qa.opencart.utils.WebDriverUtils - Navigate back
18:05:34.397 [main] INFO  com.qa.opencart.testcase.LoginPageTest - TC_07_Empty Credentials login to opencart app 
18:05:34.398 [main] INFO  com.qa.opencart.pages.LoginPage - Performing the login operation
18:05:38.920 [main] INFO  com.qa.opencart.pages.LoginPage - Click on Login button
18:05:41.437 [main] INFO  com.qa.opencart.testcase.LoginPageTest - Assert the empty creds error message in login page 
18:05:41.676 [main] INFO  com.qa.opencart.testcase.LoginPageTest - TC_06_Happy path flow login to opencart app 
18:05:41.676 [main] INFO  com.qa.opencart.pages.LoginPage - Performing the login operation
18:05:46.279 [main] INFO  com.qa.opencart.pages.LoginPage - Click on Login button
18:05:49.323 [main] INFO  com.qa.opencart.testcase.LoginPageTest - Assert the MyAccount page title
18:05:49.343 [main] INFO  com.qa.opencart.utils.WebDriverUtils - Title of the page is :: My Account
18:05:49.516 [main] INFO  com.qa.opencart.testcase.LoginPageTest - click on logout link in my account menu
18:05:49.516 [main] INFO  com.qa.opencart.pages.MyAccountPage - click on my account menu link
18:05:54.629 [main] INFO  com.qa.opencart.utils.WebDriverUtils - Title of the page is :: Account Logout
18:05:54.629 [main] INFO  com.qa.opencart.testcase.LoginPageTest - click on Continue button in logout page
18:05:57.184 [main] INFO  com.qa.opencart.utils.WebDriverUtils - Title of the page is :: Your Store
17:51:18.438 [main] INFO  com.qa.opencart.factory.WebDriverFactory - clear the cache/cookies 
17:51:18.460 [main] INFO  com.qa.opencart.factory.WebDriverFactory - adding implicit wait 
17:51:18.474 [main] INFO  com.qa.opencart.factory.WebDriverFactory - maximize the window
17:51:18.634 [main] INFO  com.qa.opencart.factory.TestBase - create object for WebDriverWait class
17:51:21.217 [main] INFO  com.qa.opencart.testcase.HomePageTest - Initializing the page class objects
17:51:21.390 [main] INFO  com.qa.opencart.testcase.HomePageTest - Verify the logo text
17:51:21.390 [main] INFO  com.qa.opencart.pages.HomePage - Verify opencart logo is present or not
17:51:21.751 [main] INFO  com.qa.opencart.utils.WebDriverUtils - Title of the page is :: Your Store
17:51:21.768 [main] INFO  com.qa.opencart.testcase.HomePageTest - Verify the open cart page title test
17:51:21.776 [main] INFO  com.qa.opencart.utils.WebDriverUtils - Title of the page is :: Your Store
17:51:22.030 [main] INFO  com.qa.opencart.utils.WebDriverUtils - Title of the page is :: Your Store
17:51:22.043 [main] INFO  com.qa.opencart.testcase.HomePageTest - Verify the featured section cards count
17:51:22.375 [main] INFO  com.qa.opencart.utils.WebDriverUtils - Title of the page is :: Your Store
17:51:22.394 [main] INFO  com.qa.opencart.testcase.HomePageTest - Navigate to registration page 
17:51:22.394 [main] INFO  com.qa.opencart.pages.HomePage - Opening my account menu
17:51:24.613 [main] INFO  com.qa.opencart.pages.HomePage - Click on Register link under myaccountMenu
17:51:28.325 [main] INFO  com.qa.opencart.testcase.HomePageTest - Assert the Registration page title
17:51:28.343 [main] INFO  com.qa.opencart.utils.WebDriverUtils - Title of the page is :: Register Account
17:51:28.344 [main] INFO  com.qa.opencart.testcase.HomePageTest - Click on Home breadcrumb icon in Registration page
17:51:28.344 [main] INFO  com.qa.opencart.pages.RegistrationPage - clicking on BreadCrumbHomeIcon
17:51:31.308 [main] INFO  com.qa.opencart.utils.WebDriverUtils - Title of the page is :: Your Store
17:51:31.324 [main] INFO  com.qa.opencart.testcase.HomePageTest - Navigate to login page 
17:51:31.324 [main] INFO  com.qa.opencart.pages.HomePage - Opening my account menu
17:51:33.469 [main] INFO  com.qa.opencart.pages.HomePage - Click on Login link under myaccountMenu
17:51:36.026 [main] INFO  com.qa.opencart.testcase.HomePageTest - Assert the Registration page title
17:51:36.044 [main] INFO  com.qa.opencart.utils.WebDriverUtils - Title of the page is :: Account Login
17:51:36.044 [main] INFO  com.qa.opencart.testcase.HomePageTest - Click on Home breadcrumb icon in login page
17:51:36.044 [main] INFO  com.qa.opencart.pages.LoginPage - Click on Breadcrumb home icon
17:51:39.180 [main] INFO  com.qa.opencart.utils.WebDriverUtils - Title of the page is :: Your Store
17:51:42.131 [main] INFO  com.qa.opencart.factory.WebDriverFactory - clear the cache/cookies 
17:51:42.147 [main] INFO  com.qa.opencart.factory.WebDriverFactory - adding implicit wait 
17:51:42.152 [main] INFO  com.qa.opencart.factory.WebDriverFactory - maximize the window
17:51:42.308 [main] INFO  com.qa.opencart.factory.TestBase - create object for WebDriverWait class
17:51:45.270 [main] INFO  com.qa.opencart.testcase.LoginPageTest - Initializing the page class objects
17:51:45.286 [main] INFO  com.qa.opencart.pages.HomePage - Opening my account menu
17:51:47.481 [main] INFO  com.qa.opencart.pages.HomePage - Click on Login link under myaccountMenu
17:51:50.041 [main] INFO  com.qa.opencart.testcase.LoginPageTest - Verify the login page url
17:51:50.259 [main] INFO  com.qa.opencart.testcase.LoginPageTest - Verify the login page title test
17:51:50.272 [main] INFO  com.qa.opencart.utils.WebDriverUtils - Title of the page is :: Account Login
17:51:50.428 [main] INFO  com.qa.opencart.testcase.LoginPageTest - Verify Login page elements test
17:51:50.504 [main] INFO  com.qa.opencart.utils.WebDriverUtils - Element is displayed::[[ChromeDriver: chrome on windows (1a1c8b43e52177a0f97b9898fdabaa54)] -> css selector: div.well>h2]
17:51:50.566 [main] INFO  com.qa.opencart.utils.WebDriverUtils - Element is displayed::[[ChromeDriver: chrome on windows (1a1c8b43e52177a0f97b9898fdabaa54)] -> xpath: //strong[contains(text(),'Register Account')]]
17:51:50.629 [main] INFO  com.qa.opencart.utils.WebDriverUtils - Element is displayed::[[ChromeDriver: chrome on windows (1a1c8b43e52177a0f97b9898fdabaa54)] -> xpath: //h2[normalize-space()='Returning Customer']]
17:51:50.691 [main] INFO  com.qa.opencart.utils.WebDriverUtils - Element is displayed::[[ChromeDriver: chrome on windows (1a1c8b43e52177a0f97b9898fdabaa54)] -> xpath: //ul[@class='breadcrumb']/li[3]/a[text()='Login']]
17:51:50.848 [main] INFO  com.qa.opencart.testcase.LoginPageTest - Navigate to registration page 
17:51:50.849 [main] INFO  com.qa.opencart.pages.LoginPage - click on new customer continue button
17:51:53.804 [main] INFO  com.qa.opencart.testcase.LoginPageTest - Assert the Registration page title
17:51:53.817 [main] INFO  com.qa.opencart.utils.WebDriverUtils - Title of the page is :: Register Account
17:51:53.819 [main] INFO  com.qa.opencart.testcase.LoginPageTest - click on browser back button in registration page
17:51:54.507 [main] INFO  com.qa.opencart.utils.WebDriverUtils - Navigate back
17:51:54.673 [main] INFO  com.qa.opencart.testcase.LoginPageTest - Navigate to forgot password page 
17:51:54.673 [main] INFO  com.qa.opencart.pages.LoginPage - Click on Forgot password link
17:51:57.425 [main] INFO  com.qa.opencart.testcase.LoginPageTest - Assert the forgotpassword page title
17:51:57.438 [main] INFO  com.qa.opencart.utils.WebDriverUtils - Title of the page is :: Forgot Your Password?
17:51:57.439 [main] INFO  com.qa.opencart.testcase.LoginPageTest - Click on browser back button in forgot password page
17:51:57.894 [main] INFO  com.qa.opencart.utils.WebDriverUtils - Navigate back
17:51:58.075 [main] INFO  com.qa.opencart.testcase.LoginPageTest - TC_07_Empty Credentials login to opencart app 
17:51:58.075 [main] INFO  com.qa.opencart.pages.LoginPage - Performing the login operation
17:52:02.641 [main] INFO  com.qa.opencart.pages.LoginPage - Click on Login button
17:52:05.225 [main] INFO  com.qa.opencart.testcase.LoginPageTest - Assert the empty creds error message in login page 
17:52:05.571 [main] INFO  com.qa.opencart.testcase.LoginPageTest - TC_06_Happy path flow login to opencart app 
17:52:05.571 [main] INFO  com.qa.opencart.pages.LoginPage - Performing the login operation
17:52:10.190 [main] INFO  com.qa.opencart.pages.LoginPage - Click on Login button
17:52:13.335 [main] INFO  com.qa.opencart.testcase.LoginPageTest - Assert the MyAccount page title
17:52:13.350 [main] INFO  com.qa.opencart.utils.WebDriverUtils - Title of the page is :: My Account
17:52:13.526 [main] INFO  com.qa.opencart.testcase.LoginPageTest - click on logout link in my account menu
17:52:13.526 [main] INFO  com.qa.opencart.pages.MyAccountPage - click on my account menu link
17:52:18.700 [main] INFO  com.qa.opencart.utils.WebDriverUtils - Title of the page is :: Account Logout
17:52:18.700 [main] INFO  com.qa.opencart.testcase.LoginPageTest - click on Continue button in logout page
17:52:21.571 [main] INFO  com.qa.opencart.utils.WebDriverUtils - Title of the page is :: Your Store
17:52:24.690 [main] INFO  com.qa.opencart.factory.WebDriverFactory - clear the cache/cookies 
17:52:24.951 [main] INFO  com.qa.opencart.factory.WebDriverFactory - adding implicit wait 
17:52:24.956 [main] INFO  com.qa.opencart.factory.WebDriverFactory - maximize the window
17:52:25.097 [main] INFO  com.qa.opencart.factory.TestBase - create object for WebDriverWait class
17:52:27.867 [main] INFO  com.qa.opencart.testcase.MyAccountPageTest - Initializing the page class objects
17:52:27.873 [main] INFO  com.qa.opencart.pages.HomePage - Opening my account menu
17:52:30.095 [main] INFO  com.qa.opencart.pages.HomePage - Click on Login link under myaccountMenu
17:52:32.793 [main] INFO  com.qa.opencart.testcase.MyAccountPageTest - Perform the login 
17:52:32.793 [main] INFO  com.qa.opencart.pages.LoginPage - Performing the login operation
17:52:37.471 [main] INFO  com.qa.opencart.pages.LoginPage - Click on Login button
17:52:41.174 [main] INFO  com.qa.opencart.testcase.MyAccountPageTest - Verify the MyAccount page url
17:52:41.174 [main] INFO  com.qa.opencart.pages.MyAccountPage - fetch my Account page url
17:52:41.357 [main] INFO  com.qa.opencart.testcase.MyAccountPageTest - Assert the MyAccount page title
17:52:41.365 [main] INFO  com.qa.opencart.utils.WebDriverUtils - Title of the page is :: My Account
17:52:41.519 [main] INFO  com.qa.opencart.testcase.MyAccountPageTest - Verify My Account page elements test
17:52:41.568 [main] INFO  com.qa.opencart.utils.WebDriverUtils - Element is displayed::[[ChromeDriver: chrome on windows (a3c10945c0fa74bb2e15bbab0b74acf5)] -> name: search]
17:52:41.624 [main] INFO  com.qa.opencart.utils.WebDriverUtils - Element is displayed::[[ChromeDriver: chrome on windows (a3c10945c0fa74bb2e15bbab0b74acf5)] -> link text: Logout]
17:52:41.792 [main] INFO  com.qa.opencart.testcase.MyAccountPageTest - TC_04_Verify My Account Menu options test 
17:52:41.792 [main] INFO  com.qa.opencart.pages.MyAccountPage - click on my account menu link
17:52:44.176 [main] INFO  com.qa.opencart.testcase.MyAccountPageTest - TC_05_Verify My Account Headers List 
17:52:44.176 [main] INFO  com.qa.opencart.pages.MyAccountPage - click on my account menu link
17:52:46.574 [main] INFO  com.qa.opencart.testcase.MyAccountPageTest - TC_07_Perform product search for:MacBook
17:52:46.574 [main] INFO  com.qa.opencart.pages.MyAccountPage - Search for Product:MacBook
17:52:46.622 [main] INFO  com.qa.opencart.utils.WebDriverUtils - Element is displayed::[[ChromeDriver: chrome on windows (a3c10945c0fa74bb2e15bbab0b74acf5)] -> name: search]
17:52:46.622 [main] INFO  com.qa.opencart.pages.MyAccountPage - perform the type action on search editbox
17:52:48.904 [main] INFO  com.qa.opencart.pages.MyAccountPage - click on search torch icon
17:52:52.257 [main] INFO  com.qa.opencart.testcase.MyAccountPageTest - TC_07_Perform product search for:iMac
17:52:52.257 [main] INFO  com.qa.opencart.pages.MyAccountPage - Search for Product:iMac
17:52:52.311 [main] INFO  com.qa.opencart.utils.WebDriverUtils - Element is displayed::[[ChromeDriver: chrome on windows (a3c10945c0fa74bb2e15bbab0b74acf5)] -> name: search]
17:52:52.311 [main] INFO  com.qa.opencart.pages.MyAccountPage - perform the type action on search editbox
17:52:54.571 [main] INFO  com.qa.opencart.pages.MyAccountPage - click on search torch icon
17:52:57.645 [main] INFO  com.qa.opencart.testcase.MyAccountPageTest - TC_07_Perform product search for:Samsung
17:52:57.646 [main] INFO  com.qa.opencart.pages.MyAccountPage - Search for Product:Samsung
17:52:57.693 [main] INFO  com.qa.opencart.utils.WebDriverUtils - Element is displayed::[[ChromeDriver: chrome on windows (a3c10945c0fa74bb2e15bbab0b74acf5)] -> name: search]
17:52:57.693 [main] INFO  com.qa.opencart.pages.MyAccountPage - perform the type action on search editbox
17:52:59.958 [main] INFO  com.qa.opencart.pages.MyAccountPage - click on search torch icon
17:53:03.727 [main] INFO  com.qa.opencart.testcase.MyAccountPageTest - TC_06_Verify the broken links in my account page 
18:00:39.849 [main] INFO  com.qa.opencart.factory.WebDriverFactory - clear the cache/cookies 
18:00:39.869 [main] INFO  com.qa.opencart.factory.WebDriverFactory - adding implicit wait 
18:00:39.879 [main] INFO  com.qa.opencart.factory.WebDriverFactory - maximize the window
18:00:40.034 [main] INFO  com.qa.opencart.factory.TestBase - create object for WebDriverWait class
18:00:42.668 [main] INFO  com.qa.opencart.testcase.HomePageTest - Initializing the page class objects
18:00:42.808 [main] INFO  com.qa.opencart.testcase.HomePageTest - Verify the logo text
18:00:42.808 [main] INFO  com.qa.opencart.pages.HomePage - Verify opencart logo is present or not
18:00:43.146 [main] INFO  com.qa.opencart.utils.WebDriverUtils - Title of the page is :: Your Store
18:00:43.158 [main] INFO  com.qa.opencart.testcase.HomePageTest - Verify the open cart page title test
18:00:43.166 [main] INFO  com.qa.opencart.utils.WebDriverUtils - Title of the page is :: Your Store
18:00:43.425 [main] INFO  com.qa.opencart.utils.WebDriverUtils - Title of the page is :: Your Store
18:00:43.436 [main] INFO  com.qa.opencart.testcase.HomePageTest - Verify the featured section cards count
18:00:43.701 [main] INFO  com.qa.opencart.utils.WebDriverUtils - Title of the page is :: Your Store
18:00:43.710 [main] INFO  com.qa.opencart.testcase.HomePageTest - Navigate to registration page 
18:00:43.710 [main] INFO  com.qa.opencart.pages.HomePage - Opening my account menu
18:00:45.863 [main] INFO  com.qa.opencart.pages.HomePage - Click on Register link under myaccountMenu
18:00:48.857 [main] INFO  com.qa.opencart.testcase.HomePageTest - Assert the Registration page title
18:00:48.881 [main] INFO  com.qa.opencart.utils.WebDriverUtils - Title of the page is :: Register Account
18:00:48.881 [main] INFO  com.qa.opencart.testcase.HomePageTest - Click on Home breadcrumb icon in Registration page
18:00:48.881 [main] INFO  com.qa.opencart.pages.RegistrationPage - clicking on BreadCrumbHomeIcon
18:00:51.790 [main] INFO  com.qa.opencart.utils.WebDriverUtils - Title of the page is :: Your Store
18:00:51.815 [main] INFO  com.qa.opencart.testcase.HomePageTest - Navigate to login page 
18:00:51.816 [main] INFO  com.qa.opencart.pages.HomePage - Opening my account menu
18:00:54.024 [main] INFO  com.qa.opencart.pages.HomePage - Click on Login link under myaccountMenu
18:00:56.568 [main] INFO  com.qa.opencart.testcase.HomePageTest - Assert the Registration page title
18:00:56.597 [main] INFO  com.qa.opencart.utils.WebDriverUtils - Title of the page is :: Account Login
18:00:56.597 [main] INFO  com.qa.opencart.testcase.HomePageTest - Click on Home breadcrumb icon in login page
18:00:56.597 [main] INFO  com.qa.opencart.pages.LoginPage - Click on Breadcrumb home icon
18:00:59.521 [main] INFO  com.qa.opencart.utils.WebDriverUtils - Title of the page is :: Your Store
18:01:01.747 [main] INFO  com.qa.opencart.factory.WebDriverFactory - clear the cache/cookies 
18:01:01.761 [main] INFO  com.qa.opencart.factory.WebDriverFactory - adding implicit wait 
18:01:01.764 [main] INFO  com.qa.opencart.factory.WebDriverFactory - maximize the window
18:01:01.927 [main] INFO  com.qa.opencart.factory.TestBase - create object for WebDriverWait class
18:01:04.582 [main] INFO  com.qa.opencart.testcase.LoginPageTest - Initializing the page class objects
18:01:04.602 [main] INFO  com.qa.opencart.pages.HomePage - Opening my account menu
18:01:06.806 [main] INFO  com.qa.opencart.pages.HomePage - Click on Login link under myaccountMenu
18:01:09.360 [main] INFO  com.qa.opencart.testcase.LoginPageTest - Verify the login page url
18:01:09.612 [main] INFO  com.qa.opencart.testcase.LoginPageTest - Verify the login page title test
18:01:09.624 [main] INFO  com.qa.opencart.utils.WebDriverUtils - Title of the page is :: Account Login
18:01:09.783 [main] INFO  com.qa.opencart.testcase.LoginPageTest - Verify Login page elements test
18:01:09.858 [main] INFO  com.qa.opencart.utils.WebDriverUtils - Element is displayed::[[ChromeDriver: chrome on windows (e16855d9ac676610099f0a33933f7a29)] -> css selector: div.well>h2]
18:01:09.912 [main] INFO  com.qa.opencart.utils.WebDriverUtils - Element is displayed::[[ChromeDriver: chrome on windows (e16855d9ac676610099f0a33933f7a29)] -> xpath: //strong[contains(text(),'Register Account')]]
18:01:09.962 [main] INFO  com.qa.opencart.utils.WebDriverUtils - Element is displayed::[[ChromeDriver: chrome on windows (e16855d9ac676610099f0a33933f7a29)] -> xpath: //h2[normalize-space()='Returning Customer']]
18:01:10.030 [main] INFO  com.qa.opencart.utils.WebDriverUtils - Element is displayed::[[ChromeDriver: chrome on windows (e16855d9ac676610099f0a33933f7a29)] -> xpath: //ul[@class='breadcrumb']/li[3]/a[text()='Login']]
18:01:10.173 [main] INFO  com.qa.opencart.testcase.LoginPageTest - Navigate to registration page 
18:01:10.173 [main] INFO  com.qa.opencart.pages.LoginPage - click on new customer continue button
18:01:13.138 [main] INFO  com.qa.opencart.testcase.LoginPageTest - Assert the Registration page title
18:01:13.148 [main] INFO  com.qa.opencart.utils.WebDriverUtils - Title of the page is :: Register Account
18:01:13.148 [main] INFO  com.qa.opencart.testcase.LoginPageTest - click on browser back button in registration page
18:01:13.526 [main] INFO  com.qa.opencart.utils.WebDriverUtils - Navigate back
18:01:13.717 [main] INFO  com.qa.opencart.testcase.LoginPageTest - Navigate to forgot password page 
18:01:13.717 [main] INFO  com.qa.opencart.pages.LoginPage - Click on Forgot password link
18:01:16.480 [main] INFO  com.qa.opencart.testcase.LoginPageTest - Assert the forgotpassword page title
18:01:16.498 [main] INFO  com.qa.opencart.utils.WebDriverUtils - Title of the page is :: Forgot Your Password?
18:01:16.498 [main] INFO  com.qa.opencart.testcase.LoginPageTest - Click on browser back button in forgot password page
18:01:16.820 [main] INFO  com.qa.opencart.utils.WebDriverUtils - Navigate back
18:01:17.025 [main] INFO  com.qa.opencart.testcase.LoginPageTest - TC_07_Empty Credentials login to opencart app 
18:01:17.026 [main] INFO  com.qa.opencart.pages.LoginPage - Performing the login operation
18:01:21.620 [main] INFO  com.qa.opencart.pages.LoginPage - Click on Login button
18:01:24.172 [main] INFO  com.qa.opencart.testcase.LoginPageTest - Assert the empty creds error message in login page 
18:01:24.485 [main] INFO  com.qa.opencart.testcase.LoginPageTest - TC_06_Happy path flow login to opencart app 
18:01:24.486 [main] INFO  com.qa.opencart.pages.LoginPage - Performing the login operation
18:01:29.104 [main] INFO  com.qa.opencart.pages.LoginPage - Click on Login button
18:01:32.404 [main] INFO  com.qa.opencart.testcase.LoginPageTest - Assert the MyAccount page title
18:01:32.423 [main] INFO  com.qa.opencart.utils.WebDriverUtils - Title of the page is :: My Account
18:01:32.593 [main] INFO  com.qa.opencart.testcase.LoginPageTest - click on logout link in my account menu
18:01:32.594 [main] INFO  com.qa.opencart.pages.MyAccountPage - click on my account menu link
18:01:37.748 [main] INFO  com.qa.opencart.utils.WebDriverUtils - Title of the page is :: Account Logout
18:01:37.749 [main] INFO  com.qa.opencart.testcase.LoginPageTest - click on Continue button in logout page
18:01:40.332 [main] INFO  com.qa.opencart.utils.WebDriverUtils - Title of the page is :: Your Store
18:01:42.824 [main] INFO  com.qa.opencart.factory.WebDriverFactory - clear the cache/cookies 
18:01:42.847 [main] INFO  com.qa.opencart.factory.WebDriverFactory - adding implicit wait 
18:01:42.851 [main] INFO  com.qa.opencart.factory.WebDriverFactory - maximize the window
18:01:42.983 [main] INFO  com.qa.opencart.factory.TestBase - create object for WebDriverWait class
18:01:46.785 [main] INFO  com.qa.opencart.testcase.MyAccountPageTest - Initializing the page class objects
18:01:46.790 [main] INFO  com.qa.opencart.pages.HomePage - Opening my account menu
18:01:49.007 [main] INFO  com.qa.opencart.pages.HomePage - Click on Login link under myaccountMenu
18:01:51.955 [main] INFO  com.qa.opencart.testcase.MyAccountPageTest - Perform the login 
18:01:51.955 [main] INFO  com.qa.opencart.pages.LoginPage - Performing the login operation
18:01:56.583 [main] INFO  com.qa.opencart.pages.LoginPage - Click on Login button
18:02:01.055 [main] INFO  com.qa.opencart.testcase.MyAccountPageTest - Verify the MyAccount page url
18:02:01.056 [main] INFO  com.qa.opencart.pages.MyAccountPage - fetch my Account page url
18:02:01.272 [main] INFO  com.qa.opencart.testcase.MyAccountPageTest - Assert the MyAccount page title
18:02:01.280 [main] INFO  com.qa.opencart.utils.WebDriverUtils - Title of the page is :: My Account
18:02:01.422 [main] INFO  com.qa.opencart.testcase.MyAccountPageTest - Verify My Account page elements test
18:02:01.463 [main] INFO  com.qa.opencart.utils.WebDriverUtils - Element is displayed::[[ChromeDriver: chrome on windows (38a9873b59d6ebac06ed826720aea8fe)] -> name: search]
18:02:01.515 [main] INFO  com.qa.opencart.utils.WebDriverUtils - Element is displayed::[[ChromeDriver: chrome on windows (38a9873b59d6ebac06ed826720aea8fe)] -> link text: Logout]
18:02:01.676 [main] INFO  com.qa.opencart.testcase.MyAccountPageTest - TC_04_Verify My Account Menu options test 
18:02:01.676 [main] INFO  com.qa.opencart.pages.MyAccountPage - click on my account menu link
18:02:04.117 [main] INFO  com.qa.opencart.testcase.MyAccountPageTest - TC_05_Verify My Account Headers List 
18:02:04.117 [main] INFO  com.qa.opencart.pages.MyAccountPage - click on my account menu link
18:02:06.477 [main] INFO  com.qa.opencart.testcase.MyAccountPageTest - TC_06_Verify the broken links in my account page 
18:02:41.270 [main] INFO  com.qa.opencart.testcase.MyAccountPageTest - TC_07_Perform product search for:MacBook
18:02:41.271 [main] INFO  com.qa.opencart.pages.MyAccountPage - Search for Product:MacBook
18:02:41.334 [main] INFO  com.qa.opencart.utils.WebDriverUtils - Element is displayed::[[ChromeDriver: chrome on windows (38a9873b59d6ebac06ed826720aea8fe)] -> name: search]
18:02:41.335 [main] INFO  com.qa.opencart.pages.MyAccountPage - perform the type action on search editbox
18:02:43.668 [main] INFO  com.qa.opencart.pages.MyAccountPage - click on search torch icon
18:02:47.147 [main] INFO  com.qa.opencart.testcase.MyAccountPageTest - TC_07_Perform product search for:iMac
18:02:47.147 [main] INFO  com.qa.opencart.pages.MyAccountPage - Search for Product:iMac
18:02:47.187 [main] INFO  com.qa.opencart.utils.WebDriverUtils - Element is displayed::[[ChromeDriver: chrome on windows (38a9873b59d6ebac06ed826720aea8fe)] -> name: search]
18:02:47.187 [main] INFO  com.qa.opencart.pages.MyAccountPage - perform the type action on search editbox
18:02:49.411 [main] INFO  com.qa.opencart.pages.MyAccountPage - click on search torch icon
18:02:52.636 [main] INFO  com.qa.opencart.testcase.MyAccountPageTest - TC_07_Perform product search for:Samsung
18:02:52.636 [main] INFO  com.qa.opencart.pages.MyAccountPage - Search for Product:Samsung
18:02:52.701 [main] INFO  com.qa.opencart.utils.WebDriverUtils - Element is displayed::[[ChromeDriver: chrome on windows (38a9873b59d6ebac06ed826720aea8fe)] -> name: search]
18:02:52.701 [main] INFO  com.qa.opencart.pages.MyAccountPage - perform the type action on search editbox
18:02:54.956 [main] INFO  com.qa.opencart.pages.MyAccountPage - click on search torch icon
18:08:10.089 [main] INFO  com.qa.opencart.factory.WebDriverFactory - clear the cache/cookies 
18:08:10.108 [main] INFO  com.qa.opencart.factory.WebDriverFactory - adding implicit wait 
18:08:10.117 [main] INFO  com.qa.opencart.factory.WebDriverFactory - maximize the window
18:08:10.280 [main] INFO  com.qa.opencart.factory.TestBase - create object for WebDriverWait class
18:08:13.025 [main] INFO  com.qa.opencart.testcase.HomePageTest - Initializing the page class objects
18:08:13.259 [main] INFO  com.qa.opencart.testcase.HomePageTest - Verify the logo text
18:08:13.259 [main] INFO  com.qa.opencart.pages.HomePage - Verify opencart logo is present or not
18:08:13.604 [main] INFO  com.qa.opencart.utils.WebDriverUtils - Title of the page is :: Your Store
18:08:13.626 [main] INFO  com.qa.opencart.testcase.HomePageTest - Verify the open cart page title test
18:08:13.636 [main] INFO  com.qa.opencart.utils.WebDriverUtils - Title of the page is :: Your Store
18:08:13.901 [main] INFO  com.qa.opencart.utils.WebDriverUtils - Title of the page is :: Your Store
18:08:13.918 [main] INFO  com.qa.opencart.testcase.HomePageTest - Verify the featured section cards count
18:08:14.185 [main] INFO  com.qa.opencart.utils.WebDriverUtils - Title of the page is :: Your Store
18:08:14.204 [main] INFO  com.qa.opencart.testcase.HomePageTest - Navigate to registration page 
18:08:14.204 [main] INFO  com.qa.opencart.pages.HomePage - Opening my account menu
18:08:16.414 [main] INFO  com.qa.opencart.pages.HomePage - Click on Register link under myaccountMenu
18:08:19.805 [main] INFO  com.qa.opencart.testcase.HomePageTest - Assert the Registration page title
18:08:19.819 [main] INFO  com.qa.opencart.utils.WebDriverUtils - Title of the page is :: Register Account
18:08:19.819 [main] INFO  com.qa.opencart.testcase.HomePageTest - Click on Home breadcrumb icon in Registration page
18:08:19.819 [main] INFO  com.qa.opencart.pages.RegistrationPage - clicking on BreadCrumbHomeIcon
18:08:23.010 [main] INFO  com.qa.opencart.utils.WebDriverUtils - Title of the page is :: Your Store
18:08:23.031 [main] INFO  com.qa.opencart.testcase.HomePageTest - Navigate to login page 
18:08:23.031 [main] INFO  com.qa.opencart.pages.HomePage - Opening my account menu
18:08:25.204 [main] INFO  com.qa.opencart.pages.HomePage - Click on Login link under myaccountMenu
18:08:27.921 [main] INFO  com.qa.opencart.testcase.HomePageTest - Assert the Registration page title
18:08:27.934 [main] INFO  com.qa.opencart.utils.WebDriverUtils - Title of the page is :: Account Login
18:08:27.935 [main] INFO  com.qa.opencart.testcase.HomePageTest - Click on Home breadcrumb icon in login page
18:08:27.935 [main] INFO  com.qa.opencart.pages.LoginPage - Click on Breadcrumb home icon
18:08:30.930 [main] INFO  com.qa.opencart.utils.WebDriverUtils - Title of the page is :: Your Store
18:08:33.335 [main] INFO  com.qa.opencart.factory.WebDriverFactory - clear the cache/cookies 
18:08:33.342 [main] INFO  com.qa.opencart.factory.WebDriverFactory - adding implicit wait 
18:08:33.345 [main] INFO  com.qa.opencart.factory.WebDriverFactory - maximize the window
18:08:33.476 [main] INFO  com.qa.opencart.factory.TestBase - create object for WebDriverWait class
18:08:36.271 [main] INFO  com.qa.opencart.testcase.LoginPageTest - Initializing the page class objects
18:08:36.289 [main] INFO  com.qa.opencart.pages.HomePage - Opening my account menu
18:08:38.496 [main] INFO  com.qa.opencart.pages.HomePage - Click on Login link under myaccountMenu
18:08:41.038 [main] INFO  com.qa.opencart.testcase.LoginPageTest - Verify the login page url
18:08:41.256 [main] INFO  com.qa.opencart.testcase.LoginPageTest - Verify the login page title test
18:08:41.266 [main] INFO  com.qa.opencart.utils.WebDriverUtils - Title of the page is :: Account Login
18:08:41.401 [main] INFO  com.qa.opencart.testcase.LoginPageTest - Verify Login page elements test
18:08:41.484 [main] INFO  com.qa.opencart.utils.WebDriverUtils - Element is displayed::[[ChromeDriver: chrome on windows (2c8a29307425d0f5bd36a61675bac410)] -> css selector: div.well>h2]
18:08:41.543 [main] INFO  com.qa.opencart.utils.WebDriverUtils - Element is displayed::[[ChromeDriver: chrome on windows (2c8a29307425d0f5bd36a61675bac410)] -> xpath: //strong[contains(text(),'Register Account')]]
18:08:41.604 [main] INFO  com.qa.opencart.utils.WebDriverUtils - Element is displayed::[[ChromeDriver: chrome on windows (2c8a29307425d0f5bd36a61675bac410)] -> xpath: //h2[normalize-space()='Returning Customer']]
18:08:41.660 [main] INFO  com.qa.opencart.utils.WebDriverUtils - Element is displayed::[[ChromeDriver: chrome on windows (2c8a29307425d0f5bd36a61675bac410)] -> xpath: //ul[@class='breadcrumb']/li[3]/a[text()='Login']]
18:08:41.800 [main] INFO  com.qa.opencart.testcase.LoginPageTest - Navigate to registration page 
18:08:41.800 [main] INFO  com.qa.opencart.pages.LoginPage - click on new customer continue button
18:08:44.744 [main] INFO  com.qa.opencart.testcase.LoginPageTest - Assert the Registration page title
18:08:44.753 [main] INFO  com.qa.opencart.utils.WebDriverUtils - Title of the page is :: Register Account
18:08:44.754 [main] INFO  com.qa.opencart.testcase.LoginPageTest - click on browser back button in registration page
18:08:45.082 [main] INFO  com.qa.opencart.utils.WebDriverUtils - Navigate back
18:08:45.282 [main] INFO  com.qa.opencart.testcase.LoginPageTest - Navigate to forgot password page 
18:08:45.284 [main] INFO  com.qa.opencart.pages.LoginPage - Click on Forgot password link
18:08:47.820 [main] INFO  com.qa.opencart.testcase.LoginPageTest - Assert the forgotpassword page title
18:08:47.838 [main] INFO  com.qa.opencart.utils.WebDriverUtils - Title of the page is :: Forgot Your Password?
18:08:47.838 [main] INFO  com.qa.opencart.testcase.LoginPageTest - Click on browser back button in forgot password page
18:08:48.180 [main] INFO  com.qa.opencart.utils.WebDriverUtils - Navigate back
18:08:48.375 [main] INFO  com.qa.opencart.testcase.LoginPageTest - TC_07_Empty Credentials login to opencart app 
18:08:48.375 [main] INFO  com.qa.opencart.pages.LoginPage - Performing the login operation
18:08:52.918 [main] INFO  com.qa.opencart.pages.LoginPage - Click on Login button
18:08:55.469 [main] INFO  com.qa.opencart.testcase.LoginPageTest - Assert the empty creds error message in login page 
18:08:55.729 [main] INFO  com.qa.opencart.testcase.LoginPageTest - TC_06_Happy path flow login to opencart app 
18:08:55.729 [main] INFO  com.qa.opencart.pages.LoginPage - Performing the login operation
18:09:00.280 [main] INFO  com.qa.opencart.pages.LoginPage - Click on Login button
18:09:03.527 [main] INFO  com.qa.opencart.testcase.LoginPageTest - Assert the MyAccount page title
18:09:03.545 [main] INFO  com.qa.opencart.utils.WebDriverUtils - Title of the page is :: My Account
18:09:03.703 [main] INFO  com.qa.opencart.testcase.LoginPageTest - click on logout link in my account menu
18:09:03.703 [main] INFO  com.qa.opencart.pages.MyAccountPage - click on my account menu link
18:09:08.831 [main] INFO  com.qa.opencart.utils.WebDriverUtils - Title of the page is :: Account Logout
18:09:08.831 [main] INFO  com.qa.opencart.testcase.LoginPageTest - click on Continue button in logout page
18:09:11.431 [main] INFO  com.qa.opencart.utils.WebDriverUtils - Title of the page is :: Your Store
18:09:14.090 [main] INFO  com.qa.opencart.factory.WebDriverFactory - clear the cache/cookies 
18:09:14.099 [main] INFO  com.qa.opencart.factory.WebDriverFactory - adding implicit wait 
18:09:14.102 [main] INFO  com.qa.opencart.factory.WebDriverFactory - maximize the window
18:09:14.247 [main] INFO  com.qa.opencart.factory.TestBase - create object for WebDriverWait class
18:09:16.832 [main] INFO  com.qa.opencart.testcase.MyAccountPageTest - Initializing the page class objects
18:09:16.840 [main] INFO  com.qa.opencart.pages.HomePage - Opening my account menu
18:09:19.043 [main] INFO  com.qa.opencart.pages.HomePage - Click on Login link under myaccountMenu
18:09:21.580 [main] INFO  com.qa.opencart.testcase.MyAccountPageTest - Perform the login 
18:09:21.580 [main] INFO  com.qa.opencart.pages.LoginPage - Performing the login operation
18:09:26.201 [main] INFO  com.qa.opencart.pages.LoginPage - Click on Login button
18:09:29.701 [main] INFO  com.qa.opencart.testcase.MyAccountPageTest - Verify the MyAccount page url
18:09:29.702 [main] INFO  com.qa.opencart.pages.MyAccountPage - fetch my Account page url
18:09:29.878 [main] INFO  com.qa.opencart.testcase.MyAccountPageTest - Assert the MyAccount page title
18:09:29.887 [main] INFO  com.qa.opencart.utils.WebDriverUtils - Title of the page is :: My Account
18:09:30.024 [main] INFO  com.qa.opencart.testcase.MyAccountPageTest - Verify My Account page elements test
18:09:30.068 [main] INFO  com.qa.opencart.utils.WebDriverUtils - Element is displayed::[[ChromeDriver: chrome on windows (7ff6d940c6acc2bac31919673a94352c)] -> name: search]
18:09:30.144 [main] INFO  com.qa.opencart.utils.WebDriverUtils - Element is displayed::[[ChromeDriver: chrome on windows (7ff6d940c6acc2bac31919673a94352c)] -> link text: Logout]
